#
# A fatal error has been detected by the Java Runtime Environment:
#
#  SIGSEGV (0xb) at pc=0x00007facf4000168, pid=15430, tid=140381483095808
#
# JRE version: OpenJDK Runtime Environment (8.0_91-b14) (build 1.8.0_91-8u91-b14-3ubuntu1~16.04.1-b14)
# Java VM: OpenJDK 64-Bit Server VM (25.91-b14 mixed mode linux-amd64 compressed oops)
# Problematic frame:
# C  0x00007facf4000168
#
# Failed to write core dump. Core dumps have been disabled. To enable core dumping, try "ulimit -c unlimited" before starting Java again
#
# If you would like to submit a bug report, please visit:
#   http://bugreport.java.com/bugreport/crash.jsp
#

---------------  T H R E A D  ---------------

Current thread (0x00007fad300c4000):  JavaThread "JDWP Transport Listener: dt_socket" daemon [_thread_in_vm, id=15448, stack(0x00007fad1c5ed000,0x00007fad1c6ee000)]

siginfo: si_signo: 11 (SIGSEGV), si_code: 2 (SEGV_ACCERR), si_addr: 0x00007facf4000168

Registers:
RAX=0x00007facf4000168, RBX=0x00007facf4000178, RCX=0x00007fad361a52c0, RDX=0x00007fad3548d200
RSP=0x00007fad1c6ec9c8, RBP=0x00007fad1c6ec9e0, RSI=0x00007fad300c4000, RDI=0x00007facf4000178
R8 =0x0000000000000000, R9 =0x0000000000000001, R10=0x0000000000000000, R11=0x0000000000000001
R12=0x00007facf4000188, R13=0x00007fad1c6ecacf, R14=0x00007fad1c6eca00, R15=0x00007fad300c4000
RIP=0x00007facf4000168, EFLAGS=0x0000000000010283, CSGSFS=0x0000000000000033, ERR=0x0000000000000015
  TRAPNO=0x000000000000000e

Top of Stack: (sp=0x00007fad1c6ec9c8)
0x00007fad1c6ec9c8:   00007fad3589be35 00007facf4000188
0x00007fad1c6ec9d8:   00007fad30008db0 00007fad1c6eca60
0x00007fad1c6ec9e8:   00007fad3571c2ea 00000000d8e093a0
0x00007fad1c6ec9f8:   00007fad1c6ecad0 00007fad300c4000
0x00007fad1c6eca08:   0000000000000000 00007fad00000000
0x00007fad1c6eca18:   0000000000000000 00000000300c41e0
0x00007fad1c6eca28:   ca721e3ed5035d00 00007fad300c4000
0x00007fad1c6eca38:   00007fad1c6ecacf 00007fad2fffff00
0x00007fad1c6eca48:   00007facf4000188 00007facf4000188
0x00007fad1c6eca58:   00007fad1c6ecacf 00007fad1c6eca90
0x00007fad1c6eca68:   00007fad2fdec069 00007fad1c6eca90
0x00007fad1c6eca78:   0000000000000000 0000000000000000
0x00007fad1c6eca88:   00007fad1c6ecba0 00007fad1c6ecb30
0x00007fad1c6eca98:   00007fad2fdcb420 00007fad1c6ecae8
0x00007fad1c6ecaa8:   00007fad1c6ecaf0 000000011c6ecba0
0x00007fad1c6ecab8:   00007fad1c6ecad4 00007fad1c6ecaf0
0x00007fad1c6ecac8:   00007fad2fdd0d09 00007fad00000017
0x00007fad1c6ecad8:   00007facf40037d0 0000000000000000
0x00007fad1c6ecae8:   0000000000000000 0000000000000000
0x00007fad1c6ecaf8:   ca721e3ed5035d00 000000000000000f
0x00007fad1c6ecb08:   0000000000000002 00007fad1c6ecb70
0x00007fad1c6ecb18:   000000000000000f 00007fad1c6ecba0
0x00007fad1c6ecb28:   00007fad2fffff00 00007fad1c6ecd60
0x00007fad1c6ecb38:   00007fad2fdd6238 00007fad300c5128
0x00007fad1c6ecb48:   00007fac000f0200 0000115e00000013
0x00007fad1c6ecb58:   00007fad300f0200 00007facec000fb0
0x00007fad1c6ecb68:   0000000000000000 00007facec000fb8
0x00007fad1c6ecb78:   000000000000000b 0000115e00000013
0x00007fad1c6ecb88:   00007fad300f0200 00007facec000fb0
0x00007fad1c6ecb98:   00007facf4003230 00007fad1c6ecbf4
0x00007fad1c6ecba8:   00007fad00000128 00007fad1c6ecbb8
0x00007fad1c6ecbb8:   00007fad00000004 00007fad1c6ecbf0 

Instructions: (pc=0x00007facf4000168)
0x00007facf4000148:   38 01 00 f4 ac 7f 00 00 38 01 00 f4 ac 7f 00 00
0x00007facf4000158:   48 01 00 f4 ac 7f 00 00 48 01 00 f4 ac 7f 00 00
0x00007facf4000168:   58 01 00 f4 ac 7f 00 00 58 01 00 f4 ac 7f 00 00
0x00007facf4000178:   68 01 00 f4 ac 7f 00 00 68 01 00 f4 ac 7f 00 00 

Register to memory mapping:

RAX=0x00007facf4000168 is an unknown value
RBX=0x00007facf4000178 is an unknown value
RCX=0x00007fad361a52c0: <offset 0x2182c0> in /lib/x86_64-linux-gnu/libpthread.so.0 at 0x00007fad35f8d000
RDX=0x00007fad3548d200: <offset 0x431200> in /usr/lib/jvm/java-8-openjdk-amd64/jre/lib/amd64/server/libjvm.so at 0x00007fad3505c000
RSP=0x00007fad1c6ec9c8 is pointing into the stack for thread: 0x00007fad300c4000
RBP=0x00007fad1c6ec9e0 is pointing into the stack for thread: 0x00007fad300c4000
RSI=0x00007fad300c4000 is a thread
RDI=0x00007facf4000178 is an unknown value
R8 =0x0000000000000000 is an unknown value
R9 =0x0000000000000001 is an unknown value
R10=0x0000000000000000 is an unknown value
R11=0x0000000000000001 is an unknown value
R12=0x00007facf4000188 is an unknown value
R13=0x00007fad1c6ecacf is pointing into the stack for thread: 0x00007fad300c4000
R14=0x00007fad1c6eca00 is pointing into the stack for thread: 0x00007fad300c4000
R15=0x00007fad300c4000 is a thread


Stack: [0x00007fad1c5ed000,0x00007fad1c6ee000],  sp=0x00007fad1c6ec9c8,  free space=1022k
Native frames: (J=compiled Java code, j=interpreted, Vv=VM code, C=native code)
C  0x00007facf4000168
V  [libjvm.so+0x6c02ea]
C  [libjdwp.so+0x28069]
C  [libjdwp.so+0x7420]
C  [libjdwp.so+0x12238]
C  [libjdwp.so+0x24c65]
V  [libjvm.so+0x72f8d0]
V  [libjvm.so+0xa02f03]
V  [libjvm.so+0xa033e4]
V  [libjvm.so+0x8abeb2]
C  [libpthread.so.0+0x76fa]  start_thread+0xca


---------------  P R O C E S S  ---------------

Java Threads: ( => current thread )
  0x00007fad30012800 JavaThread "DestroyJavaVM" [_thread_blocked, id=15437, stack(0x00007fad36c99000,0x00007fad36d9a000)]
  0x00007fad30820000 JavaThread "DataBridge-ConnectionService-tcp://localhost:7611-pool-4-thread-1" [_thread_blocked, id=15464, stack(0x00007fad0f840000,0x00007fad0f941000)]
  0x00007fad3081c800 JavaThread "DataBridge-ReconnectionService-pool-1-thread-1" [_thread_blocked, id=15463, stack(0x00007fad0f941000,0x00007fad0fa42000)]
  0x00007fad30814800 JavaThread "DataBridge-EventQueue-pool-2-thread-1" [_thread_blocked, id=15462, stack(0x00007fad0fa42000,0x00007fad0fb43000)]
  0x00007fad307e9000 JavaThread "Timer-0" daemon [_thread_blocked, id=15461, stack(0x00007fad0fb43000,0x00007fad0fc44000)]
  0x00007fad300dc000 JavaThread "Service Thread" daemon [_thread_blocked, id=15458, stack(0x00007fad1415f000,0x00007fad14260000)]
  0x00007fad300ce800 JavaThread "C1 CompilerThread2" daemon [_thread_blocked, id=15457, stack(0x00007fad1c0e8000,0x00007fad1c1e9000)]
  0x00007fad300cd000 JavaThread "C2 CompilerThread1" daemon [_thread_blocked, id=15456, stack(0x00007fad1c1e9000,0x00007fad1c2ea000)]
  0x00007fad300ca000 JavaThread "C2 CompilerThread0" daemon [_thread_blocked, id=15455, stack(0x00007fad1c2ea000,0x00007fad1c3eb000)]
  0x00007facf4001000 JavaThread "JDWP Command Reader" daemon [_thread_in_native, id=15451, stack(0x00007fad1c3eb000,0x00007fad1c4ec000)]
  0x00007fad300c7800 JavaThread "JDWP Event Helper Thread" daemon [_thread_blocked, id=15449, stack(0x00007fad1c4ec000,0x00007fad1c5ed000)]
=>0x00007fad300c4000 JavaThread "JDWP Transport Listener: dt_socket" daemon [_thread_in_vm, id=15448, stack(0x00007fad1c5ed000,0x00007fad1c6ee000)]
  0x00007fad300b2800 JavaThread "Signal Dispatcher" daemon [_thread_blocked, id=15446, stack(0x00007fad1c8f3000,0x00007fad1c9f4000)]
  0x00007fad3008c000 JavaThread "Finalizer" daemon [_thread_blocked, id=15444, stack(0x00007fad1c9f4000,0x00007fad1caf5000)]
  0x00007fad30087800 JavaThread "Reference Handler" daemon [_thread_blocked, id=15443, stack(0x00007fad1caf5000,0x00007fad1cbf6000)]

Other Threads:
  0x00007fad30080000 VMThread [stack: 0x00007fad1cbf6000,0x00007fad1ccf7000] [id=15442]
  0x00007fad300de800 WatcherThread [stack: 0x00007fad1405e000,0x00007fad1415f000] [id=15459]

VM state:not at safepoint (normal execution)

VM Mutex/Monitor currently owned by a thread: None

Heap:
 PSYoungGen      total 36864K, used 13579K [0x00000000d6f00000, 0x00000000d9800000, 0x0000000100000000)
  eden space 31744K, 26% used [0x00000000d6f00000,0x00000000d7748058,0x00000000d8e00000)
  from space 5120K, 99% used [0x00000000d8e00000,0x00000000d92fac88,0x00000000d9300000)
  to   space 5120K, 0% used [0x00000000d9300000,0x00000000d9300000,0x00000000d9800000)
 ParOldGen       total 84992K, used 134K [0x0000000084c00000, 0x0000000089f00000, 0x00000000d6f00000)
  object space 84992K, 0% used [0x0000000084c00000,0x0000000084c21af8,0x0000000089f00000)
 Metaspace       used 10197K, capacity 10402K, committed 10496K, reserved 1058816K
  class space    used 1152K, capacity 1223K, committed 1280K, reserved 1048576K

Card table byte_map: [0x00007fad1f01c000,0x00007fad1f3f7000] byte_map_base: 0x00007fad1ebf6000

Marking Bits: (ParMarkBitMap*) 0x00007fad35f70fc0
 Begin Bits: [0x00007fad14260000, 0x00007fad16130000)
 End Bits:   [0x00007fad16130000, 0x00007fad18000000)

Polling page: 0x00007fad36dc2000

CodeCache: size=245760Kb used=3829Kb max_used=3898Kb free=241930Kb
 bounds [0x00007fad1f7b7000, 0x00007fad1fb97000, 0x00007fad2e7b7000]
 total_blobs=1375 nmethods=1044 adapters=254
 compilation: enabled

Compilation events (10 events):
Event: 23010.602 Thread 0x00007fad300ce800 1118       3       org.apache.commons.pool.impl.GenericKeyedObjectPool::access$1410 (12 bytes)
Event: 23010.602 Thread 0x00007fad300ce800 nmethod 1118 0x00007fad1fa1c3d0 code [0x00007fad1fa1c520, 0x00007fad1fa1c670]
Event: 23010.602 Thread 0x00007fad300ce800 1119       3       org.wso2.carbon.databridge.agent.endpoint.DataEndpoint::deactivate (8 bytes)
Event: 23010.602 Thread 0x00007fad300ce800 nmethod 1119 0x00007fad1f91e490 code [0x00007fad1f91e600, 0x00007fad1f91e9d0]
Event: 23010.602 Thread 0x00007fad300ce800 1120       3       org.wso2.carbon.databridge.agent.endpoint.DataEndpoint::setState (17 bytes)
Event: 23010.603 Thread 0x00007fad300ce800 nmethod 1120 0x00007fad1f95edd0 code [0x00007fad1f95ef40, 0x00007fad1f95f230]
Event: 23010.603 Thread 0x00007fad300ce800 1121       3       java.util.concurrent.FutureTask::set (36 bytes)
Event: 23010.603 Thread 0x00007fad300ce800 nmethod 1121 0x00007fad1f973e10 code [0x00007fad1f973f80, 0x00007fad1f9741a8]
Event: 23040.592 Thread 0x00007fad300ca000 1122       4       java.util.concurrent.locks.ReentrantLock$Sync::tryRelease (45 bytes)
Event: 23040.593 Thread 0x00007fad300ca000 nmethod 1122 0x00007fad1f973ad0 code [0x00007fad1f973c20, 0x00007fad1f973cf8]

GC Heap History (2 events):
Event: 5760.593 GC heap before
{Heap before GC invocations=1 (full 0):
 PSYoungGen      total 36864K, used 31744K [0x00000000d6f00000, 0x00000000d9800000, 0x0000000100000000)
  eden space 31744K, 100% used [0x00000000d6f00000,0x00000000d8e00000,0x00000000d8e00000)
  from space 5120K, 0% used [0x00000000d9300000,0x00000000d9300000,0x00000000d9800000)
  to   space 5120K, 0% used [0x00000000d8e00000,0x00000000d8e00000,0x00000000d9300000)
 ParOldGen       total 84992K, used 0K [0x0000000084c00000, 0x0000000089f00000, 0x00000000d6f00000)
  object space 84992K, 0% used [0x0000000084c00000,0x0000000084c00000,0x0000000089f00000)
 Metaspace       used 10052K, capacity 10274K, committed 10496K, reserved 1058816K
  class space    used 1151K, capacity 1223K, committed 1280K, reserved 1048576K
Event: 5760.600 GC heap after
Heap after GC invocations=1 (full 0):
 PSYoungGen      total 36864K, used 5099K [0x00000000d6f00000, 0x00000000d9800000, 0x0000000100000000)
  eden space 31744K, 0% used [0x00000000d6f00000,0x00000000d6f00000,0x00000000d8e00000)
  from space 5120K, 99% used [0x00000000d8e00000,0x00000000d92fac88,0x00000000d9300000)
  to   space 5120K, 0% used [0x00000000d9300000,0x00000000d9300000,0x00000000d9800000)
 ParOldGen       total 84992K, used 134K [0x0000000084c00000, 0x0000000089f00000, 0x00000000d6f00000)
  object space 84992K, 0% used [0x0000000084c00000,0x0000000084c21af8,0x0000000089f00000)
 Metaspace       used 10052K, capacity 10274K, committed 10496K, reserved 1058816K
  class space    used 1151K, capacity 1223K, committed 1280K, reserved 1048576K
}

Deoptimization events (7 events):
Event: 0.201 Thread 0x00007fad30012800 Uncommon trap: reason=unstable_if action=reinterpret pc=0x00007fad1f8f1020 method=java.lang.String.indexOf(II)I @ 49
Event: 0.529 Thread 0x00007fad30012800 Uncommon trap: reason=bimorphic action=maybe_recompile pc=0x00007fad1f9c2f00 method=java.util.HashMap.getNode(ILjava/lang/Object;)Ljava/util/HashMap$Node; @ 126
Event: 0.533 Thread 0x00007fad30012800 Uncommon trap: reason=bimorphic action=maybe_recompile pc=0x00007fad1f9c2f00 method=java.util.HashMap.getNode(ILjava/lang/Object;)Ljava/util/HashMap$Node; @ 126
Event: 0.544 Thread 0x00007fad30012800 Uncommon trap: reason=bimorphic action=maybe_recompile pc=0x00007fad1f9c2f00 method=java.util.HashMap.getNode(ILjava/lang/Object;)Ljava/util/HashMap$Node; @ 126
Event: 0.544 Thread 0x00007fad30012800 Uncommon trap: reason=bimorphic action=maybe_recompile pc=0x00007fad1f9c2f00 method=java.util.HashMap.getNode(ILjava/lang/Object;)Ljava/util/HashMap$Node; @ 126
Event: 0.848 Thread 0x00007fad30820000 Uncommon trap: reason=unstable_if action=reinterpret pc=0x00007fad1fa26068 method=java.lang.CharacterDataLatin1.digit(II)I @ 82
Event: 17101.069 Thread 0x00007fad307e9000 Uncommon trap: reason=uninitialized action=reinterpret pc=0x00007fad1fb842c0 method=org.wso2.carbon.databridge.agent.endpoint.thrift.ThriftSecureClientPoolFactory.terminateClient(Ljava/lang/Object;)V @ 6

Internal exceptions (10 events):
Event: 26131.313 Thread 0x00007fad307e9000 Exception <a 'java/lang/NullPointerException'> (0x00000000d7560050) thrown at [/build/openjdk-8-W1Ghxo/openjdk-8-8u91-b14/src/hotspot/src/share/vm/runtime/sharedRuntime.cpp, line 605]
Event: 26160.592 Thread 0x00007fad30820000 Exception <a 'java/io/FileNotFoundException'> (0x00000000d76f2a88) thrown at [/build/openjdk-8-W1Ghxo/openjdk-8-8u91-b14/src/hotspot/src/share/vm/prims/jni.cpp, line 709]
Event: 26161.315 Thread 0x00007fad307e9000 Implicit null exception at 0x00007fad1fb352e5 to 0x00007fad1fb35510
Event: 26161.315 Thread 0x00007fad307e9000 Exception <a 'java/lang/NullPointerException'> (0x00000000d75604f0) thrown at [/build/openjdk-8-W1Ghxo/openjdk-8-8u91-b14/src/hotspot/src/share/vm/runtime/sharedRuntime.cpp, line 605]
Event: 26190.592 Thread 0x00007fad30820000 Exception <a 'java/io/FileNotFoundException'> (0x00000000d76f4f30) thrown at [/build/openjdk-8-W1Ghxo/openjdk-8-8u91-b14/src/hotspot/src/share/vm/prims/jni.cpp, line 709]
Event: 26191.315 Thread 0x00007fad307e9000 Implicit null exception at 0x00007fad1fb352e5 to 0x00007fad1fb35510
Event: 26191.315 Thread 0x00007fad307e9000 Exception <a 'java/lang/NullPointerException'> (0x00000000d7560970) thrown at [/build/openjdk-8-W1Ghxo/openjdk-8-8u91-b14/src/hotspot/src/share/vm/runtime/sharedRuntime.cpp, line 605]
Event: 26220.592 Thread 0x00007fad30820000 Exception <a 'java/io/FileNotFoundException'> (0x00000000d76f73d8) thrown at [/build/openjdk-8-W1Ghxo/openjdk-8-8u91-b14/src/hotspot/src/share/vm/prims/jni.cpp, line 709]
Event: 26221.316 Thread 0x00007fad307e9000 Implicit null exception at 0x00007fad1fb352e5 to 0x00007fad1fb35510
Event: 26221.316 Thread 0x00007fad307e9000 Exception <a 'java/lang/NullPointerException'> (0x00000000d7560e10) thrown at [/build/openjdk-8-W1Ghxo/openjdk-8-8u91-b14/src/hotspot/src/share/vm/runtime/sharedRuntime.cpp, line 605]

Events (10 events):
Event: 26220.592 Thread 0x00007fad30820000 DEOPT PACKING pc=0x00007fad1fb311f4 sp=0x00007fad0f93f680
Event: 26220.592 Thread 0x00007fad30820000 DEOPT UNPACKING pc=0x00007fad1f7fe373 sp=0x00007fad0f93f458 mode 1
Event: 26220.592 Thread 0x00007fad30820000 DEOPT PACKING pc=0x00007fad1fb562e4 sp=0x00007fad0f93f770
Event: 26220.592 Thread 0x00007fad30820000 DEOPT UNPACKING pc=0x00007fad1f7fe373 sp=0x00007fad0f93f570 mode 1
Event: 26221.316 Thread 0x00007fad307e9000 DEOPT PACKING pc=0x00007fad1fb35515 sp=0x00007fad0fc42740
Event: 26221.316 Thread 0x00007fad307e9000 DEOPT UNPACKING pc=0x00007fad1f7fe373 sp=0x00007fad0fc42488 mode 1
Event: 26221.316 Thread 0x00007fad307e9000 DEOPT PACKING pc=0x00007fad1fb3329c sp=0x00007fad0fc42790
Event: 26221.316 Thread 0x00007fad307e9000 DEOPT UNPACKING pc=0x00007fad1f7fe373 sp=0x00007fad0fc424d8 mode 1
Event: 26221.316 Thread 0x00007fad307e9000 DEOPT PACKING pc=0x00007fad1fb7ef6c sp=0x00007fad0fc427e0
Event: 26221.316 Thread 0x00007fad307e9000 DEOPT UNPACKING pc=0x00007fad1f7fe373 sp=0x00007fad0fc42590 mode 1


Dynamic libraries:
00400000-00401000 r-xp 00000000 08:02 5642123                            /usr/lib/jvm/java-8-openjdk-amd64/jre/bin/java
00600000-00601000 r--p 00000000 08:02 5642123                            /usr/lib/jvm/java-8-openjdk-amd64/jre/bin/java
00601000-00602000 rw-p 00001000 08:02 5642123                            /usr/lib/jvm/java-8-openjdk-amd64/jre/bin/java
01391000-013b2000 rw-p 00000000 00:00 0                                  [heap]
84c00000-89f00000 rw-p 00000000 00:00 0 
89f00000-d6f00000 ---p 00000000 00:00 0 
d6f00000-d9800000 rw-p 00000000 00:00 0 
d9800000-100000000 ---p 00000000 00:00 0 
100000000-100140000 rw-p 00000000 00:00 0 
100140000-140000000 ---p 00000000 00:00 0 
7facc0000000-7facc0073000 rw-p 00000000 00:00 0 
7facc0073000-7facc4000000 ---p 00000000 00:00 0 
7facc8000000-7facc8021000 rw-p 00000000 00:00 0 
7facc8021000-7faccc000000 ---p 00000000 00:00 0 
7faccc000000-7faccc021000 rw-p 00000000 00:00 0 
7faccc021000-7facd0000000 ---p 00000000 00:00 0 
7facd0000000-7facd0021000 rw-p 00000000 00:00 0 
7facd0021000-7facd4000000 ---p 00000000 00:00 0 
7facd4000000-7facd4021000 rw-p 00000000 00:00 0 
7facd4021000-7facd8000000 ---p 00000000 00:00 0 
7facd8000000-7facd82c8000 rw-p 00000000 00:00 0 
7facd82c8000-7facdc000000 ---p 00000000 00:00 0 
7facdc000000-7facdc021000 rw-p 00000000 00:00 0 
7facdc021000-7face0000000 ---p 00000000 00:00 0 
7face0000000-7face0486000 rw-p 00000000 00:00 0 
7face0486000-7face4000000 ---p 00000000 00:00 0 
7face4000000-7face4853000 rw-p 00000000 00:00 0 
7face4853000-7face8000000 ---p 00000000 00:00 0 
7face8000000-7face8021000 rw-p 00000000 00:00 0 
7face8021000-7facec000000 ---p 00000000 00:00 0 
7facec000000-7facec021000 rw-p 00000000 00:00 0 
7facec021000-7facf0000000 ---p 00000000 00:00 0 
7facf0000000-7facf0021000 rw-p 00000000 00:00 0 
7facf0021000-7facf4000000 ---p 00000000 00:00 0 
7facf4000000-7facf4021000 rw-p 00000000 00:00 0 
7facf4021000-7facf8000000 ---p 00000000 00:00 0 
7facf8000000-7facf8021000 rw-p 00000000 00:00 0 
7facf8021000-7facfc000000 ---p 00000000 00:00 0 
7facfc000000-7facfc021000 rw-p 00000000 00:00 0 
7facfc021000-7fad00000000 ---p 00000000 00:00 0 
7fad00000000-7fad00021000 rw-p 00000000 00:00 0 
7fad00021000-7fad04000000 ---p 00000000 00:00 0 
7fad04000000-7fad04021000 rw-p 00000000 00:00 0 
7fad04021000-7fad08000000 ---p 00000000 00:00 0 
7fad08000000-7fad08021000 rw-p 00000000 00:00 0 
7fad08021000-7fad0c000000 ---p 00000000 00:00 0 
7fad0f40d000-7fad0f50d000 rw-p 00000000 00:00 0 
7fad0f50d000-7fad0f60d000 ---p 00000000 00:00 0 
7fad0f60d000-7fad0f635000 r-xp 00000000 08:02 5642878                    /usr/lib/jvm/java-8-openjdk-amd64/jre/lib/amd64/libsunec.so
7fad0f635000-7fad0f834000 ---p 00028000 08:02 5642878                    /usr/lib/jvm/java-8-openjdk-amd64/jre/lib/amd64/libsunec.so
7fad0f834000-7fad0f838000 r--p 00027000 08:02 5642878                    /usr/lib/jvm/java-8-openjdk-amd64/jre/lib/amd64/libsunec.so
7fad0f838000-7fad0f839000 rw-p 0002b000 08:02 5642878                    /usr/lib/jvm/java-8-openjdk-amd64/jre/lib/amd64/libsunec.so
7fad0f839000-7fad0f83c000 r--s 00015000 08:02 5642130                    /usr/lib/jvm/java-8-openjdk-amd64/jre/lib/jce.jar
7fad0f83c000-7fad0f840000 r--s 00097000 08:02 5642918                    /usr/lib/jvm/java-8-openjdk-amd64/jre/lib/jsse.jar
7fad0f840000-7fad0f843000 ---p 00000000 00:00 0 
7fad0f843000-7fad0f941000 rw-p 00000000 00:00 0 
7fad0f941000-7fad0f944000 ---p 00000000 00:00 0 
7fad0f944000-7fad0fa42000 rw-p 00000000 00:00 0 
7fad0fa42000-7fad0fa45000 ---p 00000000 00:00 0 
7fad0fa45000-7fad0fb43000 rw-p 00000000 00:00 0 
7fad0fb43000-7fad0fb46000 ---p 00000000 00:00 0 
7fad0fb46000-7fad0fc44000 rw-p 00000000 00:00 0 
7fad0fc44000-7fad0fc57000 r--s 00345000 08:02 5642888                    /usr/lib/jvm/java-8-openjdk-amd64/jre/lib/resources.jar
7fad0fc57000-7fad0fc60000 r--s 0002d000 08:02 5899226                    /home/yasith/.m2/repository/xml-apis/xml-apis/1.4.01/xml-apis-1.4.01.jar
7fad0fc60000-7fad0fc62000 r--s 00008000 08:02 13501066                   /home/yasith/.m2/repository/org/wso2/carbon/analytics-common/org.wso2.carbon.databridge.receiver.thrift/5.0.12-SNAPSHOT/org.wso2.carbon.databridge.receiver.thrift-5.0.12-SNAPSHOT.jar
7fad0fc62000-7fad0fc64000 r--s 00006000 08:02 50202239                   /home/yasith/.m2/repository/commons-codec/commons-codec/1.2/commons-codec-1.2.jar
7fad0fc64000-7fad0fc67000 r--s 00024000 08:02 50202238                   /home/yasith/.m2/repository/commons-io/commons-io/2.0/commons-io-2.0.jar
7fad0fc67000-7fad0fc69000 r--s 0000e000 08:02 50202237                   /home/yasith/.m2/repository/commons-lang/commons-lang/1.0/commons-lang-1.0.jar
7fad0fc69000-7fad0fc6b000 r--s 00006000 08:02 49284939                   /home/yasith/.m2/repository/commons-cli/commons-cli/1.0/commons-cli-1.0.jar
7fad0fc6b000-7fad0fc6e000 r--s 0001b000 08:02 49415149                   /home/yasith/.m2/repository/junit/junit/3.8.1/junit-3.8.1.jar
7fad0fc6e000-7fad0fc70000 r--s 00014000 08:02 50202235                   /home/yasith/.m2/repository/jline/jline/0.9.94/jline-0.9.94.jar
7fad0fc70000-7fad0fc76000 r--s 0007a000 08:02 50202232                   /home/yasith/.m2/repository/org/codehaus/woodstox/wstx-asl/3.2.9/wstx-asl-3.2.9.jar
7fad0fc76000-7fad0fc79000 r--s 0001b000 08:02 50202231                   /home/yasith/.m2/repository/org/apache/ws/commons/axiom/axiom-impl/1.2.11/axiom-impl-1.2.11.jar
7fad0fc79000-7fad0fc7e000 r--s 0002e000 08:02 50202229                   /home/yasith/.m2/repository/org/apache/geronimo/specs/geronimo-javamail_1.4_spec/1.6/geronimo-javamail_1.4_spec-1.6.jar
7fad0fc7e000-7fad0fc80000 r--s 00007000 08:02 50202227                   /home/yasith/.m2/repository/org/apache/geronimo/specs/geronimo-activation_1.1_spec/1.0.2/geronimo-activation_1.1_spec-1.0.2.jar
7fad0fc80000-7fad0fc8a000 r--s 0005f000 08:02 50202224                   /home/yasith/.m2/repository/org/apache/ws/commons/axiom/axiom-api/1.2.11/axiom-api-1.2.11.jar
7fad0fc8a000-7fad0fc8d000 r--s 00011000 08:02 50202220                   /home/yasith/.m2/repository/org/wso2/securevault/org.wso2.securevault/1.0.0-wso2v2/org.wso2.securevault-1.0.0-wso2v2.jar
7fad0fc8d000-7fad0fc8f000 r--s 0001d000 08:02 50200642                   /home/yasith/.m2/repository/org/apache/tomcat/tomcat-jdbc/7.0.47/tomcat-jdbc-7.0.47.jar
7fad0fc8f000-7fad0fc92000 r--s 00023000 08:02 50200639                   /home/yasith/.m2/repository/org/apache/tomcat/wso2/jdbc-pool/7.0.34.wso2v2/jdbc-pool-7.0.34.wso2v2.jar
7fad0fc92000-7fad0fc95000 r--s 00023000 08:02 50200637                   /home/yasith/.m2/repository/commons-dbcp/wso2/commons-dbcp/1.4.0.wso2v1/commons-dbcp-1.4.0.wso2v1.jar
7fad0fc95000-7fad0fcab000 r--s 00111000 08:02 50202085                   /home/yasith/.m2/repository/xerces/wso2/xercesImpl/2.8.1.wso2v2/xercesImpl-2.8.1.wso2v2.jar
7fad0fcab000-7fad0fcad000 r--s 00005000 08:02 55580142                   /home/yasith/.m2/repository/org/wso2/carbon/org.wso2.carbon.user.api/4.4.2/org.wso2.carbon.user.api-4.4.2.jar
7fad0fcad000-7fad0fcb3000 r--s 00068000 08:02 55580140                   /home/yasith/.m2/repository/org/wso2/carbon/org.wso2.carbon.user.core/4.4.2/org.wso2.carbon.user.core-4.4.2.jar
7fad0fcb3000-7fad0fcb5000 r--s 00003000 08:02 55841694                   /home/yasith/.m2/repository/org/wso2/carbon/commons/org.wso2.carbon.identity.authentication/4.4.8/org.wso2.carbon.identity.authentication-4.4.8.jar
7fad0fcb5000-7fad0fcb9000 r--s 0001f000 08:02 50200650                   /home/yasith/.m2/repository/org/apache/ws/commons/schema/wso2/XmlSchema/1.4.7.wso2v3/XmlSchema-1.4.7.wso2v3.jar
7fad0fcb9000-7fad0fcbc000 r--s 00020000 08:02 51124441                   /home/yasith/.m2/repository/org/wso2/carbon/org.wso2.carbon.authenticator.stub/4.4.2/org.wso2.carbon.authenticator.stub-4.4.2.jar
7fad0fcbc000-7fad0fcbe000 r--s 00004000 08:02 50202218                   /home/yasith/.m2/repository/javax/xml/stream/stax-api/1.0-2/stax-api-1.0-2.jar
7fad0fcbe000-7fad0fcc2000 r--s 00029000 08:02 50202216                   /home/yasith/.m2/repository/org/codehaus/woodstox/stax2-api/3.1.1/stax2-api-3.1.1.jar
7fad0fcc2000-7fad0fcc8000 r--s 00070000 08:02 50202215                   /home/yasith/.m2/repository/org/codehaus/woodstox/woodstox-core-asl/4.2.0/woodstox-core-asl-4.2.0.jar
7fad0fcc8000-7fad0fcca000 r--s 00006000 08:02 50202213                   /home/yasith/.m2/repository/org/apache/geronimo/specs/geronimo-stax-api_1.0_spec/1.0.1/geronimo-stax-api_1.0_spec-1.0.1.jar
7fad0fcca000-7fad0fcd4000 r--s 0009e000 08:02 50202212                   /home/yasith/.m2/repository/org/apache/geronimo/specs/wso2/geronimo-stax-api_1.0_spec/1.0.1.wso2v2/geronimo-stax-api_1.0_spec-1.0.1.wso2v2.jar
7fad0fcd4000-7fad0fcf9000 r--s 00212000 08:02 50202211                   /home/yasith/.m2/repository/org/apache/ws/commons/axiom/wso2/axiom/1.2.11.wso2v9/axiom-1.2.11.wso2v9.jar
7fad0fcf9000-7fad0fcfa000 r--s 00003000 08:02 50991812                   /home/yasith/.m2/repository/org/wso2/carbon/org.wso2.carbon.authenticator.proxy/4.4.2/org.wso2.carbon.authenticator.proxy-4.4.2.jar
7fad0fcfa000-7fad0fcfc000 r--s 00002000 08:02 56104068                   /home/yasith/.m2/repository/org/wso2/carbon/org.wso2.carbon.core.common/4.4.2/org.wso2.carbon.core.common-4.4.2.jar
7fad0fcfc000-7fad0fd28000 r--s 00208000 08:02 5899045                    /home/yasith/.m2/repository/com/google/guava/guava/19.0/guava-19.0.jar
7fad0fd28000-7fad0fd2a000 r--s 00011000 08:02 13501065                   /home/yasith/.m2/repository/org/wso2/carbon/analytics-common/org.wso2.carbon.databridge.core/5.0.12-SNAPSHOT/org.wso2.carbon.databridge.core-5.0.12-SNAPSHOT.jar
7fad0fd2a000-7fad0fd2b000 r--s 00007000 08:02 51645077                   /home/yasith/.m2/repository/slf4j/wso2/slf4j/1.5.10.wso2v1/slf4j-1.5.10.wso2v1.jar
7fad0fd2b000-7fad0fd31000 r--s 00032000 08:02 50333821                   /home/yasith/.m2/repository/org/apache/httpcomponents/httpcore/4.2.4/httpcore-4.2.4.jar
7fad0fd31000-7fad0fd3a000 r--s 00061000 08:02 50333718                   /home/yasith/.m2/repository/org/apache/httpcomponents/httpclient/4.2.5/httpclient-4.2.5.jar
7fad0fd3a000-7fad0fd3b000 r--s 00005000 08:02 56758983                   /home/yasith/.m2/repository/org/slf4j/slf4j-api/1.5.8/slf4j-api-1.5.8.jar
7fad0fd3b000-7fad0fd40000 r--s 00033000 08:02 56627948                   /home/yasith/.m2/repository/org/apache/thrift/libthrift/0.9.2/libthrift-0.9.2.jar
7fad0fd40000-7fad0fd45000 r--s 00033000 08:02 54792974                   /home/yasith/.m2/repository/libthrift/wso2/libthrift/0.9.2.wso2v1/libthrift-0.9.2.wso2v1.jar
7fad0fd45000-7fad0fd53000 r--s 00073000 08:02 13501064                   /home/yasith/.m2/repository/org/wso2/carbon/analytics-common/org.wso2.carbon.databridge.commons.thrift/5.0.12-SNAPSHOT/org.wso2.carbon.databridge.commons.thrift-5.0.12-SNAPSHOT.jar
7fad0fd53000-7fad0fd54000 r--s 0000b000 08:02 54397959                   /home/yasith/.m2/repository/org/json/wso2/json/2.0.0.wso2v1/json-2.0.0.wso2v1.jar
7fad0fd54000-7fad0fd57000 r--s 00012000 08:02 50202246                   /home/yasith/.m2/repository/wrapper/wrapper/3.2.3/wrapper-3.2.3.jar
7fad0fd57000-7fad0fd59000 r--s 00003000 08:02 51646685                   /home/yasith/.m2/repository/org/wso2/carbon/org.wso2.carbon.bootstrap/4.4.2/org.wso2.carbon.bootstrap-4.4.2.jar
7fad0fd59000-7fad0fd62000 r--s 0006f000 08:02 50202708                   /home/yasith/.m2/repository/log4j/log4j/1.2.17/log4j-1.2.17.jar
7fad0fd62000-7fad0fd6b000 r--s 0006d000 08:02 50202243                   /home/yasith/.m2/repository/org/apache/log4j/wso2/log4j/1.2.17.wso2v1/log4j-1.2.17.wso2v1.jar
7fad0fd6b000-7fad0fd75000 r--s 0007b000 08:02 51516191                   /home/yasith/.m2/repository/org/wso2/carbon/org.wso2.carbon.logging/4.4.2/org.wso2.carbon.logging-4.4.2.jar
7fad0fd75000-7fad0fd7a000 r--s 00034000 08:02 5639873                    /home/yasith/.m2/repository/com/google/code/gson/gson/2.5/gson-2.5.jar
7fad0fd7a000-7fad0fd7c000 r--s 0000a000 08:02 13500954                   /home/yasith/.m2/repository/org/wso2/carbon/analytics-common/org.wso2.carbon.databridge.commons/5.0.12-SNAPSHOT/org.wso2.carbon.databridge.commons-5.0.12-SNAPSHOT.jar
7fad0fd7c000-7fad0fd7d000 r--s 00002000 08:02 13501063                   /home/yasith/.m2/repository/org/wso2/carbon/analytics-common/org.wso2.carbon.databridge.commons.binary/5.0.12-SNAPSHOT/org.wso2.carbon.databridge.commons.binary-5.0.12-SNAPSHOT.jar
7fad0fd7d000-7fad0fd80000 r--s 00012000 08:02 54397960                   /home/yasith/.m2/repository/org/wso2/orbit/com/lmax/disruptor/3.3.2.wso2v2/disruptor-3.3.2.wso2v2.jar
7fad0fd80000-7fad0fd8b000 r--s 00085000 08:02 51909036                   /home/yasith/.m2/repository/org/wso2/orbit/org/apache/httpcomponents/httpclient/4.3.1.wso2v2/httpclient-4.3.1.wso2v2.jar
7fad0fd8b000-7fad0fd8e000 r--s 00016000 08:02 50200668                   /home/yasith/.m2/repository/commons-pool/commons-pool/1.5.6/commons-pool-1.5.6.jar
7fad0fd8e000-7fad0fd91000 r--s 00015000 08:02 50200665                   /home/yasith/.m2/repository/commons-pool/wso2/commons-pool/1.5.6.wso2v1/commons-pool-1.5.6.wso2v1.jar
7fad0fd91000-7fad0fd96000 r--s 0002b000 08:02 50333555                   /home/yasith/.m2/repository/wsdl4j/wso2/wsdl4j/1.6.2.wso2v4/wsdl4j-1.6.2.wso2v4.jar
7fad0fd96000-7fad0fd97000 r--s 00007000 08:02 50200633                   /home/yasith/.m2/repository/org/apache/tomcat/tomcat-util/7.0.59/tomcat-util-7.0.59.jar
7fad0fd97000-7fad0fd98000 r--s 00001000 08:02 50200620                   /home/yasith/.m2/repository/org/apache/tomcat/tomcat-api/7.0.59/tomcat-api-7.0.59.jar
7fad0fd98000-7fad0fd99000 r--s 00003000 08:02 50200618                   /home/yasith/.m2/repository/org/apache/tomcat/tomcat-annotations-api/7.0.59/tomcat-annotations-api-7.0.59.jar
7fad0fd99000-7fad0fdab000 r--s 00177000 08:02 50200615                   /home/yasith/.m2/repository/org/apache/tomcat/tomcat-catalina/7.0.59/tomcat-catalina-7.0.59.jar
7fad0fdab000-7fad0fdaf000 r--s 0003b000 08:02 50200613                   /home/yasith/.m2/repository/org/apache/tomcat/tomcat-tribes/7.0.59/tomcat-tribes-7.0.59.jar
7fad0fdaf000-7fad0fdb1000 r--s 00008000 08:02 50200611                   /home/yasith/.m2/repository/org/apache/tomcat/tomcat-juli/7.0.59/tomcat-juli-7.0.59.jar
7fad0fdb1000-7fad0fdb3000 r--s 0001f000 08:02 50200608                   /home/yasith/.m2/repository/org/apache/tomcat/tomcat-catalina-ha/7.0.59/tomcat-catalina-ha-7.0.59.jar
7fad0fdb3000-7fad0fdba000 r--s 0003e000 08:02 50200606                   /home/yasith/.m2/repository/org/apache/httpcomponents/wso2/httpcore/4.3.3.wso2v1/httpcore-4.3.3.wso2v1.jar
7fad0fdba000-7fad0fe0b000 r--s 00738000 08:02 54661501                   /home/yasith/.m2/repository/org/apache/axis2/wso2/axis2/1.6.1.wso2v15/axis2-1.6.1.wso2v15.jar
7fad0fe0b000-7fad0fe18000 r--s 00080000 08:02 50333556                   /home/yasith/.m2/repository/commons-collections/wso2/commons-collections/3.2.0.wso2v1/commons-collections-3.2.0.wso2v1.jar
7fad0fe18000-7fad0fe2b000 r--s 00128000 08:02 50202105                   /home/yasith/.m2/repository/org/apache/ant/ant/1.7.0/ant-1.7.0.jar
7fad0fe2b000-7fad0fe3e000 r--s 0012c000 08:02 50202097                   /home/yasith/.m2/repository/org/apache/ant/wso2/ant/1.7.0.wso2v1/ant-1.7.0.wso2v1.jar
7fad0fe3e000-7fad0fe40000 r--s 0000d000 08:02 50202076                   /home/yasith/.m2/repository/commons-fileupload/commons-fileupload/1.2.2/commons-fileupload-1.2.2.jar
7fad0fe40000-7fad0fe43000 r--s 0000b000 08:02 50202143                   /home/yasith/.m2/repository/commons-fileupload/wso2/commons-fileupload/1.2.2.wso2v1/commons-fileupload-1.2.2.wso2v1.jar
7fad0fe43000-7fad0fe55000 r--s 00245000 08:02 50202127                   /home/yasith/.m2/repository/com/ibm/icu/icu4j/2.6.1/icu4j-2.6.1.jar
7fad0fe55000-7fad0fe7a000 r--s 002dc000 08:02 50202125                   /home/yasith/.m2/repository/xalan/xalan/2.6.0/xalan-2.6.0.jar
7fad0fe7a000-7fad0fe80000 r--s 00019000 08:02 50202120                   /home/yasith/.m2/repository/xerces/xmlParserAPIs/2.6.2/xmlParserAPIs-2.6.2.jar
7fad0fe80000-7fad0fe83000 r--s 00018000 08:02 50202116                   /home/yasith/.m2/repository/xom/xom/1.0/xom-1.0.jar
7fad0fe83000-7fad0fe86000 r--s 00023000 08:02 50202054                   /home/yasith/.m2/repository/jdom/jdom/1.0/jdom-1.0.jar
7fad0fe86000-7fad0fe8b000 r--s 00048000 08:02 50202087                   /home/yasith/.m2/repository/dom4j/dom4j/1.6.1/dom4j-1.6.1.jar
7fad0fe8b000-7fad0fe91000 r--s 00032000 08:02 50202086                   /home/yasith/.m2/repository/jaxen/jaxen/1.1.1/jaxen-1.1.1.jar
7fad0fe91000-7fad0fe9b000 r--s 0006c000 08:02 50202084                   /home/yasith/.m2/repository/org/igniterealtime/smack/wso2/smackx/3.0.4.wso2v1/smackx-3.0.4.wso2v1.jar
7fad0fe9b000-7fad0fea1000 r--s 0003d000 08:02 50202082                   /home/yasith/.m2/repository/org/igniterealtime/smack/wso2/smack/3.0.4.wso2v1/smack-3.0.4.wso2v1.jar
7fad0fea1000-7fad0fea7000 r--s 0003b000 08:02 13501069                   /home/yasith/.m2/repository/org/wso2/carbon/org.wso2.carbon.utils/4.4.2/org.wso2.carbon.utils-4.4.2.jar
7fad0fea7000-7fad0feac000 r--s 0003b000 08:02 50202208                   /home/yasith/.m2/repository/org/apache/commons/ssl/not-yet-commons-ssl/0.3.9/not-yet-commons-ssl-0.3.9.jar
7fad0feac000-7fad0fecc000 r--s 001a9000 08:02 50200664                   /home/yasith/.m2/repository/org/apache/poi/poi/3.9/poi-3.9.jar
7fad0fecc000-7fad0ff66000 r--s 00653000 08:02 50200593                   /home/yasith/.m2/repository/com/hazelcast/hazelcast-all/3.5.2/hazelcast-all-3.5.2.jar
7fad0ff66000-7fad10000000 r--s 00633000 08:02 50200591                   /home/yasith/.m2/repository/org/wso2/orbit/com/hazelcast/hazelcast/3.5.2.wso2v1/hazelcast-3.5.2.wso2v1.jar
7fad10000000-7fad10021000 rw-p 00000000 00:00 0 
7fad10021000-7fad14000000 ---p 00000000 00:00 0 
7fad14000000-7fad14001000 r--s 00006000 08:02 50333577                   /home/yasith/.m2/repository/org/apache/neethi/wso2/neethi/2.0.4.wso2v4/neethi-2.0.4.wso2v4.jar
7fad14001000-7fad14007000 r--s 00045000 08:02 50202202                   /home/yasith/.m2/repository/commons-httpclient/commons-httpclient/3.1/commons-httpclient-3.1.jar
7fad14007000-7fad14010000 r--s 00082000 08:02 50202203                   /home/yasith/.m2/repository/commons-httpclient/wso2/commons-httpclient/3.1.0.wso2v2/commons-httpclient-3.1.0.wso2v2.jar
7fad14010000-7fad14021000 r--s 0011b000 08:02 50200661                   /home/yasith/.m2/repository/org/apache/poi/poi-scratchpad/3.9/poi-scratchpad-3.9.jar
7fad14021000-7fad14051000 r--s 002c6000 08:02 50200659                   /home/yasith/.m2/repository/org/apache/poi/wso2/poi-scratchpad/3.9.0.wso2v1/poi-scratchpad-3.9.0.wso2v1.jar
7fad14051000-7fad1405e000 r--s 00102000 08:02 50200657                   /home/yasith/.m2/repository/org/apache/abdera/wso2/abdera/1.0.0.wso2v3/abdera-1.0.0.wso2v3.jar
7fad1405e000-7fad1405f000 ---p 00000000 00:00 0 
7fad1405f000-7fad1415f000 rw-p 00000000 00:00 0 
7fad1415f000-7fad14162000 ---p 00000000 00:00 0 
7fad14162000-7fad18000000 rw-p 00000000 00:00 0 
7fad18000000-7fad18021000 rw-p 00000000 00:00 0 
7fad18021000-7fad1c000000 ---p 00000000 00:00 0 
7fad1c000000-7fad1c001000 r--s 00002000 08:02 50202157                   /home/yasith/.m2/repository/org/apache/ant/ant-launcher/1.7.0/ant-launcher-1.7.0.jar
7fad1c001000-7fad1c002000 r--s 00002000 08:02 54530800                   /home/yasith/.m2/repository/org/wso2/carbon/org.wso2.carbon.queuing/4.4.2/org.wso2.carbon.queuing-4.4.2.jar
7fad1c002000-7fad1c042000 r--s 00534000 08:02 50200655                   /home/yasith/.m2/repository/org/compass-project/wso2/compass/2.0.1.wso2v2/compass-2.0.1.wso2v2.jar
7fad1c042000-7fad1c043000 r--s 00001000 08:02 54530793                   /home/yasith/.m2/repository/org/wso2/carbon/org.wso2.carbon.registry.xboot/4.4.2/org.wso2.carbon.registry.xboot-4.4.2.jar
7fad1c043000-7fad1c045000 r--s 00003000 08:02 54530684                   /home/yasith/.m2/repository/org/wso2/carbon/org.wso2.carbon.registry.api/4.4.2/org.wso2.carbon.registry.api-4.4.2.jar
7fad1c045000-7fad1c046000 r--s 00002000 08:02 50200648                   /home/yasith/.m2/repository/net/sourceforge/findbugs/annotations/1.3.2/annotations-1.3.2.jar
7fad1c046000-7fad1c049000 r--s 00023000 08:02 6032844                    /home/yasith/.m2/repository/commons-io/wso2/commons-io/2.0.0.wso2v2/commons-io-2.0.0.wso2v2.jar
7fad1c049000-7fad1c053000 r--s 000bd000 08:02 54530682                   /home/yasith/.m2/repository/org/wso2/carbon/org.wso2.carbon.registry.core/4.4.2/org.wso2.carbon.registry.core-4.4.2.jar
7fad1c053000-7fad1c054000 r--s 00004000 08:02 54530679                   /home/yasith/.m2/repository/org/wso2/carbon/org.wso2.carbon.securevault/4.4.2/org.wso2.carbon.securevault-4.4.2.jar
7fad1c054000-7fad1c056000 r--s 00007000 08:02 54530677                   /home/yasith/.m2/repository/org/wso2/carbon/org.wso2.carbon.base/4.4.2/org.wso2.carbon.base-4.4.2.jar
7fad1c056000-7fad1c059000 r--s 00013000 08:02 54530675                   /home/yasith/.m2/repository/org/wso2/carbon/javax.cache.wso2/4.4.2/javax.cache.wso2-4.4.2.jar
7fad1c059000-7fad1c090000 r--s 00226000 08:02 50202042                   /home/yasith/.m2/repository/org/bouncycastle/bcprov-jdk15on/1.49/bcprov-jdk15on-1.49.jar
7fad1c090000-7fad1c094000 r--s 0002e000 08:02 50202159                   /home/yasith/.m2/repository/org/eclipse/equinox/javax.servlet/3.0.0.v201112011016/javax.servlet-3.0.0.v201112011016.jar
7fad1c094000-7fad1c09d000 r--s 000e4000 08:02 55580138                   /home/yasith/.m2/repository/org/wso2/carbon/org.wso2.carbon.core/4.4.2/org.wso2.carbon.core-4.4.2.jar
7fad1c09d000-7fad1c0b1000 r--s 00139000 08:02 50204054                   /home/yasith/.m2/repository/org/eclipse/osgi/org.eclipse.osgi/3.7.0.v20110613/org.eclipse.osgi-3.7.0.v20110613.jar
7fad1c0b1000-7fad1c0cc000 r--s 001d7000 08:02 5642907                    /usr/lib/jvm/java-8-openjdk-amd64/jre/lib/ext/nashorn.jar
7fad1c0cc000-7fad1c0e8000 r--s 00393000 08:02 5642909                    /usr/lib/jvm/java-8-openjdk-amd64/jre/lib/ext/cldrdata.jar
7fad1c0e8000-7fad1c0eb000 ---p 00000000 00:00 0 
7fad1c0eb000-7fad1c1e9000 rw-p 00000000 00:00 0 
7fad1c1e9000-7fad1c1ec000 ---p 00000000 00:00 0 
7fad1c1ec000-7fad1c2ea000 rw-p 00000000 00:00 0 
7fad1c2ea000-7fad1c2ed000 ---p 00000000 00:00 0 
7fad1c2ed000-7fad1c3eb000 rw-p 00000000 00:00 0 
7fad1c3eb000-7fad1c3ee000 ---p 00000000 00:00 0 
7fad1c3ee000-7fad1c4ec000 rw-p 00000000 00:00 0 
7fad1c4ec000-7fad1c4ef000 ---p 00000000 00:00 0 
7fad1c4ef000-7fad1c5ed000 rw-p 00000000 00:00 0 
7fad1c5ed000-7fad1c5f0000 ---p 00000000 00:00 0 
7fad1c5f0000-7fad1c6ee000 rw-p 00000000 00:00 0 
7fad1c6ee000-7fad1c6f2000 r-xp 00000000 08:02 5642880                    /usr/lib/jvm/java-8-openjdk-amd64/jre/lib/amd64/libdt_socket.so
7fad1c6f2000-7fad1c8f1000 ---p 00004000 08:02 5642880                    /usr/lib/jvm/java-8-openjdk-amd64/jre/lib/amd64/libdt_socket.so
7fad1c8f1000-7fad1c8f2000 r--p 00003000 08:02 5642880                    /usr/lib/jvm/java-8-openjdk-amd64/jre/lib/amd64/libdt_socket.so
7fad1c8f2000-7fad1c8f3000 rw-p 00004000 08:02 5642880                    /usr/lib/jvm/java-8-openjdk-amd64/jre/lib/amd64/libdt_socket.so
7fad1c8f3000-7fad1c8f6000 ---p 00000000 00:00 0 
7fad1c8f6000-7fad1c9f4000 rw-p 00000000 00:00 0 
7fad1c9f4000-7fad1c9f7000 ---p 00000000 00:00 0 
7fad1c9f7000-7fad1caf5000 rw-p 00000000 00:00 0 
7fad1caf5000-7fad1caf8000 ---p 00000000 00:00 0 
7fad1caf8000-7fad1cbf6000 rw-p 00000000 00:00 0 
7fad1cbf6000-7fad1cbf7000 ---p 00000000 00:00 0 
7fad1cbf7000-7fad1dc69000 rw-p 00000000 00:00 0 
7fad1dc69000-7fad1de37000 r--s 03beb000 08:02 5642898                    /usr/lib/jvm/java-8-openjdk-amd64/jre/lib/rt.jar
7fad1de37000-7fad1ea87000 rw-p 00000000 00:00 0 
7fad1ea87000-7fad1ea88000 ---p 00000000 00:00 0 
7fad1ea88000-7fad1eb88000 rw-p 00000000 00:00 0 
7fad1eb88000-7fad1eb89000 ---p 00000000 00:00 0 
7fad1eb89000-7fad1ec89000 rw-p 00000000 00:00 0 
7fad1ec89000-7fad1ec8a000 ---p 00000000 00:00 0 
7fad1ec8a000-7fad1edb4000 rw-p 00000000 00:00 0 
7fad1edb4000-7fad1f01c000 ---p 00000000 00:00 0 
7fad1f01c000-7fad1f046000 rw-p 00000000 00:00 0 
7fad1f046000-7fad1f2ad000 ---p 00000000 00:00 0 
7fad1f2ad000-7fad1f2c2000 rw-p 00000000 00:00 0 
7fad1f2c2000-7fad1f3f6000 ---p 00000000 00:00 0 
7fad1f3f6000-7fad1f407000 rw-p 00000000 00:00 0 
7fad1f407000-7fad1f7b7000 ---p 00000000 00:00 0 
7fad1f7b7000-7fad1fb97000 rwxp 00000000 00:00 0 
7fad1fb97000-7fad2e7b7000 ---p 00000000 00:00 0 
7fad2e7b7000-7fad2e7bf000 r-xp 00000000 08:02 5642869                    /usr/lib/jvm/java-8-openjdk-amd64/jre/lib/amd64/libzip.so
7fad2e7bf000-7fad2e9be000 ---p 00008000 08:02 5642869                    /usr/lib/jvm/java-8-openjdk-amd64/jre/lib/amd64/libzip.so
7fad2e9be000-7fad2e9bf000 r--p 00007000 08:02 5642869                    /usr/lib/jvm/java-8-openjdk-amd64/jre/lib/amd64/libzip.so
7fad2e9bf000-7fad2e9c0000 rw-p 00008000 08:02 5642869                    /usr/lib/jvm/java-8-openjdk-amd64/jre/lib/amd64/libzip.so
7fad2e9c0000-7fad2e9cb000 r-xp 00000000 08:02 40636864                   /lib/x86_64-linux-gnu/libnss_files-2.23.so
7fad2e9cb000-7fad2ebca000 ---p 0000b000 08:02 40636864                   /lib/x86_64-linux-gnu/libnss_files-2.23.so
7fad2ebca000-7fad2ebcb000 r--p 0000a000 08:02 40636864                   /lib/x86_64-linux-gnu/libnss_files-2.23.so
7fad2ebcb000-7fad2ebcc000 rw-p 0000b000 08:02 40636864                   /lib/x86_64-linux-gnu/libnss_files-2.23.so
7fad2ebcc000-7fad2ebd2000 rw-p 00000000 00:00 0 
7fad2ebd2000-7fad2ebdd000 r-xp 00000000 08:02 40636874                   /lib/x86_64-linux-gnu/libnss_nis-2.23.so
7fad2ebdd000-7fad2eddc000 ---p 0000b000 08:02 40636874                   /lib/x86_64-linux-gnu/libnss_nis-2.23.so
7fad2eddc000-7fad2eddd000 r--p 0000a000 08:02 40636874                   /lib/x86_64-linux-gnu/libnss_nis-2.23.so
7fad2eddd000-7fad2edde000 rw-p 0000b000 08:02 40636874                   /lib/x86_64-linux-gnu/libnss_nis-2.23.so
7fad2edde000-7fad2edf4000 r-xp 00000000 08:02 40636858                   /lib/x86_64-linux-gnu/libnsl-2.23.so
7fad2edf4000-7fad2eff3000 ---p 00016000 08:02 40636858                   /lib/x86_64-linux-gnu/libnsl-2.23.so
7fad2eff3000-7fad2eff4000 r--p 00015000 08:02 40636858                   /lib/x86_64-linux-gnu/libnsl-2.23.so
7fad2eff4000-7fad2eff5000 rw-p 00016000 08:02 40636858                   /lib/x86_64-linux-gnu/libnsl-2.23.so
7fad2eff5000-7fad2eff7000 rw-p 00000000 00:00 0 
7fad2eff7000-7fad2efff000 r-xp 00000000 08:02 40636860                   /lib/x86_64-linux-gnu/libnss_compat-2.23.so
7fad2efff000-7fad2f1fe000 ---p 00008000 08:02 40636860                   /lib/x86_64-linux-gnu/libnss_compat-2.23.so
7fad2f1fe000-7fad2f1ff000 r--p 00007000 08:02 40636860                   /lib/x86_64-linux-gnu/libnss_compat-2.23.so
7fad2f1ff000-7fad2f200000 rw-p 00008000 08:02 40636860                   /lib/x86_64-linux-gnu/libnss_compat-2.23.so
7fad2f200000-7fad2fbc0000 r--p 00000000 08:02 793373                     /usr/lib/locale/locale-archive
7fad2fbc0000-7fad2fbc2000 r-xp 00000000 08:02 5642132                    /usr/lib/jvm/java-8-openjdk-amd64/jre/lib/amd64/libnpt.so
7fad2fbc2000-7fad2fdc2000 ---p 00002000 08:02 5642132                    /usr/lib/jvm/java-8-openjdk-amd64/jre/lib/amd64/libnpt.so
7fad2fdc2000-7fad2fdc3000 r--p 00002000 08:02 5642132                    /usr/lib/jvm/java-8-openjdk-amd64/jre/lib/amd64/libnpt.so
7fad2fdc3000-7fad2fdc4000 rw-p 00003000 08:02 5642132                    /usr/lib/jvm/java-8-openjdk-amd64/jre/lib/amd64/libnpt.so
7fad2fdc4000-7fad2fdff000 r-xp 00000000 08:02 5642851                    /usr/lib/jvm/java-8-openjdk-amd64/jre/lib/amd64/libjdwp.so
7fad2fdff000-7fad2fffe000 ---p 0003b000 08:02 5642851                    /usr/lib/jvm/java-8-openjdk-amd64/jre/lib/amd64/libjdwp.so
7fad2fffe000-7fad2ffff000 r--p 0003a000 08:02 5642851                    /usr/lib/jvm/java-8-openjdk-amd64/jre/lib/amd64/libjdwp.so
7fad2ffff000-7fad30000000 rw-p 0003b000 08:02 5642851                    /usr/lib/jvm/java-8-openjdk-amd64/jre/lib/amd64/libjdwp.so
7fad30000000-7fad30840000 rw-p 00000000 00:00 0 
7fad30840000-7fad34000000 ---p 00000000 00:00 0 
7fad34000000-7fad34001000 r--s 00003000 08:02 50202035                   /home/yasith/.m2/repository/org/apache/geronimo/specs/geronimo-jta_1.1_spec/1.1/geronimo-jta_1.1_spec-1.1.jar
7fad34001000-7fad34004000 r--s 00012000 08:02 50334063                   /home/yasith/.m2/repository/org/eclipse/osgi/org.eclipse.osgi.services/3.3.100.v20120522-1822/org.eclipse.osgi.services-3.3.100.v20120522-1822.jar
7fad34004000-7fad34072000 rw-p 00000000 00:00 0 
7fad34072000-7fad34073000 ---p 00000000 00:00 0 
7fad34073000-7fad34173000 rw-p 00000000 00:00 0 
7fad34173000-7fad341a0000 r-xp 00000000 08:02 5642855                    /usr/lib/jvm/java-8-openjdk-amd64/jre/lib/amd64/libjava.so
7fad341a0000-7fad3439f000 ---p 0002d000 08:02 5642855                    /usr/lib/jvm/java-8-openjdk-amd64/jre/lib/amd64/libjava.so
7fad3439f000-7fad343a0000 r--p 0002c000 08:02 5642855                    /usr/lib/jvm/java-8-openjdk-amd64/jre/lib/amd64/libjava.so
7fad343a0000-7fad343a2000 rw-p 0002d000 08:02 5642855                    /usr/lib/jvm/java-8-openjdk-amd64/jre/lib/amd64/libjava.so
7fad343a2000-7fad343b1000 r-xp 00000000 08:02 5642856                    /usr/lib/jvm/java-8-openjdk-amd64/jre/lib/amd64/libverify.so
7fad343b1000-7fad345b0000 ---p 0000f000 08:02 5642856                    /usr/lib/jvm/java-8-openjdk-amd64/jre/lib/amd64/libverify.so
7fad345b0000-7fad345b2000 r--p 0000e000 08:02 5642856                    /usr/lib/jvm/java-8-openjdk-amd64/jre/lib/amd64/libverify.so
7fad345b2000-7fad345b3000 rw-p 00010000 08:02 5642856                    /usr/lib/jvm/java-8-openjdk-amd64/jre/lib/amd64/libverify.so
7fad345b3000-7fad345ba000 r-xp 00000000 08:02 40636919                   /lib/x86_64-linux-gnu/librt-2.23.so
7fad345ba000-7fad347b9000 ---p 00007000 08:02 40636919                   /lib/x86_64-linux-gnu/librt-2.23.so
7fad347b9000-7fad347ba000 r--p 00006000 08:02 40636919                   /lib/x86_64-linux-gnu/librt-2.23.so
7fad347ba000-7fad347bb000 rw-p 00007000 08:02 40636919                   /lib/x86_64-linux-gnu/librt-2.23.so
7fad347bb000-7fad347d1000 r-xp 00000000 08:02 40636803                   /lib/x86_64-linux-gnu/libgcc_s.so.1
7fad347d1000-7fad349d0000 ---p 00016000 08:02 40636803                   /lib/x86_64-linux-gnu/libgcc_s.so.1
7fad349d0000-7fad349d1000 rw-p 00015000 08:02 40636803                   /lib/x86_64-linux-gnu/libgcc_s.so.1
7fad349d1000-7fad34ad9000 r-xp 00000000 08:02 40636835                   /lib/x86_64-linux-gnu/libm-2.23.so
7fad34ad9000-7fad34cd8000 ---p 00108000 08:02 40636835                   /lib/x86_64-linux-gnu/libm-2.23.so
7fad34cd8000-7fad34cd9000 r--p 00107000 08:02 40636835                   /lib/x86_64-linux-gnu/libm-2.23.so
7fad34cd9000-7fad34cda000 rw-p 00108000 08:02 40636835                   /lib/x86_64-linux-gnu/libm-2.23.so
7fad34cda000-7fad34e4c000 r-xp 00000000 08:02 788609                     /usr/lib/x86_64-linux-gnu/libstdc++.so.6.0.21
7fad34e4c000-7fad3504c000 ---p 00172000 08:02 788609                     /usr/lib/x86_64-linux-gnu/libstdc++.so.6.0.21
7fad3504c000-7fad35056000 r--p 00172000 08:02 788609                     /usr/lib/x86_64-linux-gnu/libstdc++.so.6.0.21
7fad35056000-7fad35058000 rw-p 0017c000 08:02 788609                     /usr/lib/x86_64-linux-gnu/libstdc++.so.6.0.21
7fad35058000-7fad3505c000 rw-p 00000000 00:00 0 
7fad3505c000-7fad35ca2000 r-xp 00000000 08:02 5642867                    /usr/lib/jvm/java-8-openjdk-amd64/jre/lib/amd64/server/libjvm.so
7fad35ca2000-7fad35ea2000 ---p 00c46000 08:02 5642867                    /usr/lib/jvm/java-8-openjdk-amd64/jre/lib/amd64/server/libjvm.so
7fad35ea2000-7fad35f35000 r--p 00c46000 08:02 5642867                    /usr/lib/jvm/java-8-openjdk-amd64/jre/lib/amd64/server/libjvm.so
7fad35f35000-7fad35f5d000 rw-p 00cd9000 08:02 5642867                    /usr/lib/jvm/java-8-openjdk-amd64/jre/lib/amd64/server/libjvm.so
7fad35f5d000-7fad35f8d000 rw-p 00000000 00:00 0 
7fad35f8d000-7fad35fa5000 r-xp 00000000 08:02 40636911                   /lib/x86_64-linux-gnu/libpthread-2.23.so
7fad35fa5000-7fad361a4000 ---p 00018000 08:02 40636911                   /lib/x86_64-linux-gnu/libpthread-2.23.so
7fad361a4000-7fad361a5000 r--p 00017000 08:02 40636911                   /lib/x86_64-linux-gnu/libpthread-2.23.so
7fad361a5000-7fad361a6000 rw-p 00018000 08:02 40636911                   /lib/x86_64-linux-gnu/libpthread-2.23.so
7fad361a6000-7fad361aa000 rw-p 00000000 00:00 0 
7fad361aa000-7fad361ad000 r-xp 00000000 08:02 40636789                   /lib/x86_64-linux-gnu/libdl-2.23.so
7fad361ad000-7fad363ac000 ---p 00003000 08:02 40636789                   /lib/x86_64-linux-gnu/libdl-2.23.so
7fad363ac000-7fad363ad000 r--p 00002000 08:02 40636789                   /lib/x86_64-linux-gnu/libdl-2.23.so
7fad363ad000-7fad363ae000 rw-p 00003000 08:02 40636789                   /lib/x86_64-linux-gnu/libdl-2.23.so
7fad363ae000-7fad363c7000 r-xp 00000000 08:02 40636956                   /lib/x86_64-linux-gnu/libz.so.1.2.8
7fad363c7000-7fad365c6000 ---p 00019000 08:02 40636956                   /lib/x86_64-linux-gnu/libz.so.1.2.8
7fad365c6000-7fad365c7000 r--p 00018000 08:02 40636956                   /lib/x86_64-linux-gnu/libz.so.1.2.8
7fad365c7000-7fad365c8000 rw-p 00019000 08:02 40636956                   /lib/x86_64-linux-gnu/libz.so.1.2.8
7fad365c8000-7fad36788000 r-xp 00000000 08:02 40636765                   /lib/x86_64-linux-gnu/libc-2.23.so
7fad36788000-7fad36987000 ---p 001c0000 08:02 40636765                   /lib/x86_64-linux-gnu/libc-2.23.so
7fad36987000-7fad3698b000 r--p 001bf000 08:02 40636765                   /lib/x86_64-linux-gnu/libc-2.23.so
7fad3698b000-7fad3698d000 rw-p 001c3000 08:02 40636765                   /lib/x86_64-linux-gnu/libc-2.23.so
7fad3698d000-7fad36991000 rw-p 00000000 00:00 0 
7fad36991000-7fad3699e000 r-xp 00000000 08:02 5642882                    /usr/lib/jvm/java-8-openjdk-amd64/jre/lib/amd64/jli/libjli.so
7fad3699e000-7fad36b9e000 ---p 0000d000 08:02 5642882                    /usr/lib/jvm/java-8-openjdk-amd64/jre/lib/amd64/jli/libjli.so
7fad36b9e000-7fad36b9f000 r--p 0000d000 08:02 5642882                    /usr/lib/jvm/java-8-openjdk-amd64/jre/lib/amd64/jli/libjli.so
7fad36b9f000-7fad36ba0000 rw-p 0000e000 08:02 5642882                    /usr/lib/jvm/java-8-openjdk-amd64/jre/lib/amd64/jli/libjli.so
7fad36ba0000-7fad36bc6000 r-xp 00000000 08:02 40636737                   /lib/x86_64-linux-gnu/ld-2.23.so
7fad36bc6000-7fad36bc7000 r--s 00209000 08:02 50202038                   /home/yasith/.m2/repository/org/bouncycastle/wso2/bcprov-jdk15on/1.49.0.wso2v2/bcprov-jdk15on-1.49.0.wso2v2.jar
7fad36bc7000-7fad36bc8000 r--s 00005000 08:02 50200595                   /home/yasith/.m2/repository/org/eclipse/equinox/org.eclipse.equinox.http.helper/1.1.0.wso2v1/org.eclipse.equinox.http.helper-1.1.0.wso2v1.jar
7fad36bc8000-7fad36bcb000 r--s 00016000 08:02 13501062                   /home/yasith/.m2/repository/org/wso2/carbon/analytics-common/org.wso2.carbon.databridge.agent/5.0.12-SNAPSHOT/org.wso2.carbon.databridge.agent-5.0.12-SNAPSHOT.jar
7fad36bcb000-7fad36bce000 r--s 0000f000 08:02 5642914                    /usr/lib/jvm/java-8-openjdk-amd64/jre/lib/ext/icedtea-sound.jar
7fad36bce000-7fad36c99000 rw-p 00000000 00:00 0 
7fad36c99000-7fad36c9c000 ---p 00000000 00:00 0 
7fad36c9c000-7fad36d9f000 rw-p 00000000 00:00 0 
7fad36d9f000-7fad36da1000 r--s 0000e000 08:02 50202244                   /home/yasith/.m2/repository/commons-logging/commons-logging/1.2/commons-logging-1.2.jar
7fad36da1000-7fad36da6000 r--s 0003b000 08:02 5642913                    /usr/lib/jvm/java-8-openjdk-amd64/jre/lib/ext/sunjce_provider.jar
7fad36da6000-7fad36daa000 r--s 00037000 08:02 5642916                    /usr/lib/jvm/java-8-openjdk-amd64/jre/lib/ext/sunpkcs11.jar
7fad36daa000-7fad36dab000 r--s 00010000 08:02 5642912                    /usr/lib/jvm/java-8-openjdk-amd64/jre/lib/ext/zipfs.jar
7fad36dab000-7fad36db5000 r--s 00116000 08:02 5642915                    /usr/lib/jvm/java-8-openjdk-amd64/jre/lib/ext/localedata.jar
7fad36db5000-7fad36db6000 r--s 00008000 08:02 5642910                    /usr/lib/jvm/java-8-openjdk-amd64/jre/lib/ext/sunec.jar
7fad36db6000-7fad36db7000 r--s 0000a000 08:02 5642911                    /usr/lib/jvm/java-8-openjdk-amd64/jre/lib/ext/jaccess.jar
7fad36db7000-7fad36db9000 r--s 00001000 08:02 5642908                    /usr/lib/jvm/java-8-openjdk-amd64/jre/lib/ext/dnsns.jar
7fad36db9000-7fad36dc1000 rw-s 00000000 08:02 13776092                   /tmp/hsperfdata_yasith/15430
7fad36dc1000-7fad36dc2000 rw-p 00000000 00:00 0 
7fad36dc2000-7fad36dc3000 r--p 00000000 00:00 0 
7fad36dc3000-7fad36dc5000 rw-p 00000000 00:00 0 
7fad36dc5000-7fad36dc6000 r--p 00025000 08:02 40636737                   /lib/x86_64-linux-gnu/ld-2.23.so
7fad36dc6000-7fad36dc7000 rw-p 00026000 08:02 40636737                   /lib/x86_64-linux-gnu/ld-2.23.so
7fad36dc7000-7fad36dc8000 rw-p 00000000 00:00 0 
7ffcb9688000-7ffcb96ac000 rw-p 00000000 00:00 0                          [stack]
7ffcb97da000-7ffcb97dc000 r--p 00000000 00:00 0                          [vvar]
7ffcb97dc000-7ffcb97de000 r-xp 00000000 00:00 0                          [vdso]
ffffffffff600000-ffffffffff601000 r-xp 00000000 00:00 0                  [vsyscall]

VM Arguments:
jvm_args: -agentlib:jdwp=transport=dt_socket,suspend=y,address=localhost:34158 -Dfile.encoding=UTF-8 
java_command: org.wso2.cseToolkit.Client
java_class_path (initial): /home/yasith/Mydisk/Charini/StockManipulationDetection/target/classes:/home/yasith/.m2/repository/commons-logging/commons-logging/1.2/commons-logging-1.2.jar:/home/yasith/.m2/repository/org/wso2/carbon/analytics-common/org.wso2.carbon.databridge.agent/5.0.12-SNAPSHOT/org.wso2.carbon.databridge.agent-5.0.12-SNAPSHOT.jar:/home/yasith/.m2/repository/org/eclipse/osgi/org.eclipse.osgi/3.7.0.v20110613/org.eclipse.osgi-3.7.0.v20110613.jar:/home/yasith/.m2/repository/org/eclipse/osgi/org.eclipse.osgi.services/3.3.100.v20120522-1822/org.eclipse.osgi.services-3.3.100.v20120522-1822.jar:/home/yasith/.m2/repository/org/wso2/carbon/org.wso2.carbon.core/4.4.2/org.wso2.carbon.core-4.4.2.jar:/home/yasith/.m2/repository/org/wso2/orbit/com/hazelcast/hazelcast/3.5.2.wso2v1/hazelcast-3.5.2.wso2v1.jar:/home/yasith/.m2/repository/com/hazelcast/hazelcast-all/3.5.2/hazelcast-all-3.5.2.jar:/home/yasith/.m2/repository/org/eclipse/equinox/org.eclipse.equinox.http.helper/1.1.0.wso2v1/org.eclipse.equinox.http.helper-1.1.0.wso2v1.jar:/home/yasith/.m2/repository/org/eclipse/equinox/javax.servlet/3.0.0.v201112011016/javax.servlet-3.0.0.v201112011016.jar:/home/yasith/.m2/repository/org/bouncycastle/wso2/bcprov-jdk15on/1.49.0.wso2v2/bcprov-jdk15on-1.49.0.wso2v2.jar:/home/yasith/.m2/repository/org/bouncycastle/bcprov-jdk15on/1.49/bcprov-jdk15on-1.49.jar:/home/yasith/.m2/repository/org/wso2/carbon/javax.cache.wso2/4.4.2/javax.cache.wso2-4.4.2.jar:/home/yasith/.m2/repository/org/apache/geronimo/specs/geronimo-jta_1.1_spec/1.1/geronimo-jta_1.1_spec-1.1.jar:/home/yasith/.m2/repository/org/wso2/carbon/org.wso2.carbon.base/4.4.2/org.wso2.carbon.base-4.4.2.jar:/home/yasith/.m2/repository/org/wso2/carbon/org.wso2.carbon.securevault/4.4.2/org.wso2.carbon.securevault-4.4.2.jar:/home/yasith/.m2/repository/org/wso2/carbon/org.wso2.carbon.registry.core/4.4.2/org.wso2.carbon.registry.core-4.4.2.jar:/home/yasith/.m2/repository/commons-io/wso2/commons-io/2.0.0.wso2v2/commons-io-2.0.0.wso
Launcher Type: SUN_STANDARD

Environment Variables:
JAVA_HOME=/home/yasith/Tools/jdk1.8.0_71
PATH=/usr/local/sbin:/usr/local/bin:/usr/sbin:/usr/bin:/sbin:/bin:/usr/games:/usr/local/games:/snap/bin:/home/yasith/bin:/home/yasith/Tools/jdk1.8.0_71/bin:/home/yasith/Android/Sdk/tools:/home/yasith/Android/Sdk/platform-tools:/home/yasith/Tools/apache-maven-3.0.5/bin:/home/yasith/Tools/node-v4.4.5-linux-x64/bin
SHELL=/bin/bash
DISPLAY=:0

Signal Handlers:
SIGSEGV: [libjvm.so+0xa5e970], sa_mask[0]=11111111011111111101111111111110, sa_flags=SA_RESTART|SA_SIGINFO
SIGBUS: [libjvm.so+0xa5e970], sa_mask[0]=11111111011111111101111111111110, sa_flags=SA_RESTART|SA_SIGINFO
SIGFPE: [libjvm.so+0x8a9ff0], sa_mask[0]=11111111011111111101111111111110, sa_flags=SA_RESTART|SA_SIGINFO
SIGPIPE: [libjvm.so+0x8a9ff0], sa_mask[0]=11111111011111111101111111111110, sa_flags=SA_RESTART|SA_SIGINFO
SIGXFSZ: [libjvm.so+0x8a9ff0], sa_mask[0]=11111111011111111101111111111110, sa_flags=SA_RESTART|SA_SIGINFO
SIGILL: [libjvm.so+0x8a9ff0], sa_mask[0]=11111111011111111101111111111110, sa_flags=SA_RESTART|SA_SIGINFO
SIGUSR1: SIG_DFL, sa_mask[0]=00000000000000000000000000000000, sa_flags=none
SIGUSR2: [libjvm.so+0x8a9ea0], sa_mask[0]=00100000000000000000000000000000, sa_flags=SA_RESTART|SA_SIGINFO
SIGHUP: [libjvm.so+0x8aa370], sa_mask[0]=11111111011111111101111111111110, sa_flags=SA_RESTART|SA_SIGINFO
SIGINT: [libjvm.so+0x8aa370], sa_mask[0]=11111111011111111101111111111110, sa_flags=SA_RESTART|SA_SIGINFO
SIGTERM: [libjvm.so+0x8aa370], sa_mask[0]=11111111011111111101111111111110, sa_flags=SA_RESTART|SA_SIGINFO
SIGQUIT: [libjvm.so+0x8aa370], sa_mask[0]=11111111011111111101111111111110, sa_flags=SA_RESTART|SA_SIGINFO


---------------  S Y S T E M  ---------------

OS:DISTRIB_ID=Ubuntu
DISTRIB_RELEASE=16.04
DISTRIB_CODENAME=xenial
DISTRIB_DESCRIPTION="Ubuntu 16.04 LTS"

uname:Linux 4.4.0-31-generic #50-Ubuntu SMP Wed Jul 13 00:07:12 UTC 2016 x86_64
libc:glibc 2.23 NPTL 2.23 
rlimit: STACK 8192k, CORE 0k, NPROC 31082, NOFILE 65536, AS infinity
load average:2.59 1.05 0.61

/proc/meminfo:
MemTotal:        8072668 kB
MemFree:          241020 kB
MemAvailable:    1300700 kB
Buffers:          198976 kB
Cached:          1704576 kB
SwapCached:         3656 kB
Active:          5539120 kB
Inactive:        1822348 kB
Active(anon):    5010808 kB
Inactive(anon):  1226172 kB
Active(file):     528312 kB
Inactive(file):   596176 kB
Unevictable:         912 kB
Mlocked:             912 kB
SwapTotal:       8285180 kB
SwapFree:        8136360 kB
Dirty:             16712 kB
Writeback:             0 kB
AnonPages:       5457788 kB
Mapped:           871924 kB
Shmem:            778700 kB
Slab:             294792 kB
SReclaimable:     243120 kB
SUnreclaim:        51672 kB
KernelStack:       16192 kB
PageTables:        75240 kB
NFS_Unstable:          0 kB
Bounce:                0 kB
WritebackTmp:          0 kB
CommitLimit:    12321512 kB
Committed_AS:   14756500 kB
VmallocTotal:   34359738367 kB
VmallocUsed:           0 kB
VmallocChunk:          0 kB
HardwareCorrupted:     0 kB
AnonHugePages:   2226176 kB
CmaTotal:              0 kB
CmaFree:               0 kB
HugePages_Total:       0
HugePages_Free:        0
HugePages_Rsvd:        0
HugePages_Surp:        0
Hugepagesize:       2048 kB
DirectMap4k:      282472 kB
DirectMap2M:     6955008 kB
DirectMap1G:     2097152 kB


CPU:total 4 (2 cores per cpu, 2 threads per core) family 6 model 61 stepping 4, cmov, cx8, fxsr, mmx, sse, sse2, sse3, ssse3, sse4.1, sse4.2, popcnt, avx, avx2, aes, clmul, erms, 3dnowpref, lzcnt, ht, tsc, tscinvbit, bmi1, bmi2, adx

/proc/cpuinfo:
processor	: 0
vendor_id	: GenuineIntel
cpu family	: 6
model		: 61
model name	: Intel(R) Core(TM) i5-5200U CPU @ 2.20GHz
stepping	: 4
microcode	: 0x1f
cpu MHz		: 2499.921
cache size	: 3072 KB
physical id	: 0
siblings	: 4
core id		: 0
cpu cores	: 2
apicid		: 0
initial apicid	: 0
fpu		: yes
fpu_exception	: yes
cpuid level	: 20
wp		: yes
flags		: fpu vme de pse tsc msr pae mce cx8 apic sep mtrr pge mca cmov pat pse36 clflush dts acpi mmx fxsr sse sse2 ss ht tm pbe syscall nx pdpe1gb rdtscp lm constant_tsc arch_perfmon pebs bts rep_good nopl xtopology nonstop_tsc aperfmperf eagerfpu pni pclmulqdq dtes64 monitor ds_cpl vmx est tm2 ssse3 sdbg fma cx16 xtpr pdcm pcid sse4_1 sse4_2 x2apic movbe popcnt tsc_deadline_timer aes xsave avx f16c rdrand lahf_lm abm 3dnowprefetch epb intel_pt tpr_shadow vnmi flexpriority ept vpid fsgsbase tsc_adjust bmi1 avx2 smep bmi2 erms invpcid rdseed adx smap xsaveopt dtherm ida arat pln pts
bugs		:
bogomips	: 4393.61
clflush size	: 64
cache_alignment	: 64
address sizes	: 39 bits physical, 48 bits virtual
power management:

processor	: 1
vendor_id	: GenuineIntel
cpu family	: 6
model		: 61
model name	: Intel(R) Core(TM) i5-5200U CPU @ 2.20GHz
stepping	: 4
microcode	: 0x1f
cpu MHz		: 2508.601
cache size	: 3072 KB
physical id	: 0
siblings	: 4
core id		: 1
cpu cores	: 2
apicid		: 2
initial apicid	: 2
fpu		: yes
fpu_exception	: yes
cpuid level	: 20
wp		: yes
flags		: fpu vme de pse tsc msr pae mce cx8 apic sep mtrr pge mca cmov pat pse36 clflush dts acpi mmx fxsr sse sse2 ss ht tm pbe syscall nx pdpe1gb rdtscp lm constant_tsc arch_perfmon pebs bts rep_good nopl xtopology nonstop_tsc aperfmperf eagerfpu pni pclmulqdq dtes64 monitor ds_cpl vmx est tm2 ssse3 sdbg fma cx16 xtpr pdcm pcid sse4_1 sse4_2 x2apic movbe popcnt tsc_deadline_timer aes xsave avx f16c rdrand lahf_lm abm 3dnowprefetch epb intel_pt tpr_shadow vnmi flexpriority ept vpid fsgsbase tsc_adjust bmi1 avx2 smep bmi2 erms invpcid rdseed adx smap xsaveopt dtherm ida arat pln pts
bugs		:
bogomips	: 4393.61
clflush size	: 64
cache_alignment	: 64
address sizes	: 39 bits physical, 48 bits virtual
power management:

processor	: 2
vendor_id	: GenuineIntel
cpu family	: 6
model		: 61
model name	: Intel(R) Core(TM) i5-5200U CPU @ 2.20GHz
stepping	: 4
microcode	: 0x1f
cpu MHz		: 2499.921
cache size	: 3072 KB
physical id	: 0
siblings	: 4
core id		: 0
cpu cores	: 2
apicid		: 1
initial apicid	: 1
fpu		: yes
fpu_exception	: yes
cpuid level	: 20
wp		: yes
flags		: fpu vme de pse tsc msr pae mce cx8 apic sep mtrr pge mca cmov pat pse36 clflush dts acpi mmx fxsr sse sse2 ss ht tm pbe syscall nx pdpe1gb rdtscp lm constant_tsc arch_perfmon pebs bts rep_good nopl xtopology nonstop_tsc aperfmperf eagerfpu pni pclmulqdq dtes64 monitor ds_cpl vmx est tm2 ssse3 sdbg fma cx16 xtpr pdcm pcid sse4_1 sse4_2 x2apic movbe popcnt tsc_deadline_timer aes xsave avx f16c rdrand lahf_lm abm 3dnowprefetch epb intel_pt tpr_shadow vnmi flexpriority ept vpid fsgsbase tsc_adjust bmi1 avx2 smep bmi2 erms invpcid rdseed adx smap xsaveopt dtherm ida arat pln pts
bugs		:
bogomips	: 4393.61
clflush size	: 64
cache_alignment	: 64
address sizes	: 39 bits physical, 48 bits virtual
power management:

processor	: 3
vendor_id	: GenuineIntel
cpu family	: 6
model		: 61
model name	: Intel(R) Core(TM) i5-5200U CPU @ 2.20GHz
stepping	: 4
microcode	: 0x1f
cpu MHz		: 2522.523
cache size	: 3072 KB
physical id	: 0
siblings	: 4
core id		: 1
cpu cores	: 2
apicid		: 3
initial apicid	: 3
fpu		: yes
fpu_exception	: yes
cpuid level	: 20
wp		: yes
flags		: fpu vme de pse tsc msr pae mce cx8 apic sep mtrr pge mca cmov pat pse36 clflush dts acpi mmx fxsr sse sse2 ss ht tm pbe syscall nx pdpe1gb rdtscp lm constant_tsc arch_perfmon pebs bts rep_good nopl xtopology nonstop_tsc aperfmperf eagerfpu pni pclmulqdq dtes64 monitor ds_cpl vmx est tm2 ssse3 sdbg fma cx16 xtpr pdcm pcid sse4_1 sse4_2 x2apic movbe popcnt tsc_deadline_timer aes xsave avx f16c rdrand lahf_lm abm 3dnowprefetch epb intel_pt tpr_shadow vnmi flexpriority ept vpid fsgsbase tsc_adjust bmi1 avx2 smep bmi2 erms invpcid rdseed adx smap xsaveopt dtherm ida arat pln pts
bugs		:
bogomips	: 4393.61
clflush size	: 64
cache_alignment	: 64
address sizes	: 39 bits physical, 48 bits virtual
power management:



Memory: 4k page, physical 8072668k(241020k free), swap 8285180k(8136360k free)

vm_info: OpenJDK 64-Bit Server VM (25.91-b14) for linux-amd64 JRE (1.8.0_91-8u91-b14-3ubuntu1~16.04.1-b14), built on Jul 21 2016 04:13:34 by "buildd" with gcc 5.3.1 20160413

time: Tue Aug  2 20:57:22 2016
elapsed time: 26246 seconds (0d 7h 17m 26s)

