#
# A fatal error has been detected by the Java Runtime Environment:
#
#  SIGSEGV (0xb) at pc=0x00007fc9b4000168, pid=14575, tid=140504891520768
#
# JRE version: OpenJDK Runtime Environment (8.0_91-b14) (build 1.8.0_91-8u91-b14-3ubuntu1~16.04.1-b14)
# Java VM: OpenJDK 64-Bit Server VM (25.91-b14 mixed mode linux-amd64 compressed oops)
# Problematic frame:
# C  0x00007fc9b4000168
#
# Failed to write core dump. Core dumps have been disabled. To enable core dumping, try "ulimit -c unlimited" before starting Java again
#
# If you would like to submit a bug report, please visit:
#   http://bugreport.java.com/bugreport/crash.jsp
#

---------------  T H R E A D  ---------------

Current thread (0x00007fc9f40c4000):  JavaThread "JDWP Transport Listener: dt_socket" daemon [_thread_in_vm, id=14595, stack(0x00007fc9d815f000,0x00007fc9d8260000)]

siginfo: si_signo: 11 (SIGSEGV), si_code: 2 (SEGV_ACCERR), si_addr: 0x00007fc9b4000168

Registers:
RAX=0x00007fc9b4000168, RBX=0x00007fc9b4000178, RCX=0x00007fc9f9b982c0, RDX=0x00007fc9f8e80200
RSP=0x00007fc9d825e9c8, RBP=0x00007fc9d825e9e0, RSI=0x00007fc9f40c4000, RDI=0x00007fc9b4000178
R8 =0x0000000000000000, R9 =0x0000000000000001, R10=0x0000000000000000, R11=0x0000000000000001
R12=0x00007fc9b4000188, R13=0x00007fc9d825eacf, R14=0x00007fc9d825ea00, R15=0x00007fc9f40c4000
RIP=0x00007fc9b4000168, EFLAGS=0x0000000000010283, CSGSFS=0x0000000000000033, ERR=0x0000000000000015
  TRAPNO=0x000000000000000e

Top of Stack: (sp=0x00007fc9d825e9c8)
0x00007fc9d825e9c8:   00007fc9f928ee35 00007fc9b4000188
0x00007fc9d825e9d8:   00007fc9f4008db0 00007fc9d825ea60
0x00007fc9d825e9e8:   00007fc9f910f2ea 00000000d8e09310
0x00007fc9d825e9f8:   00007fc9d825ead0 00007fc9f40c4000
0x00007fc9d825ea08:   0000000000000000 00007fc900000000
0x00007fc9d825ea18:   0000000000000000 00000000f40c41e0
0x00007fc9d825ea28:   c76d40a262e11900 00007fc9f40c4000
0x00007fc9d825ea38:   00007fc9d825eacf 00007fc9f39b7f00
0x00007fc9d825ea48:   00007fc9b4000188 00007fc9b4000188
0x00007fc9d825ea58:   00007fc9d825eacf 00007fc9d825ea90
0x00007fc9d825ea68:   00007fc9f37a4069 00007fc9d825ea90
0x00007fc9d825ea78:   0000000000000000 0000000000000000
0x00007fc9d825ea88:   00007fc9d825eba0 00007fc9d825eb30
0x00007fc9d825ea98:   00007fc9f3783420 00007fc9d825eae8
0x00007fc9d825eaa8:   00007fc9d825eaf0 00000001d825eba0
0x00007fc9d825eab8:   00007fc9d825ead4 00007fc9d825eaf0
0x00007fc9d825eac8:   00007fc9f3788d09 00007fc900000017
0x00007fc9d825ead8:   00007fc9b40037d0 0000000000000000
0x00007fc9d825eae8:   0000000000000000 0000000000000000
0x00007fc9d825eaf8:   c76d40a262e11900 000000000000000f
0x00007fc9d825eb08:   0000000000000002 00007fc9d825eb70
0x00007fc9d825eb18:   000000000000000f 00007fc9d825eba0
0x00007fc9d825eb28:   00007fc9f39b7f00 00007fc9d825ed60
0x00007fc9d825eb38:   00007fc9f378e238 00007fc9f40c5128
0x00007fc9d825eb48:   00007fc9000f0200 0000115400000013
0x00007fc9d825eb58:   00007fc9f40f0200 00007fc9ac000fb0
0x00007fc9d825eb68:   0000000000000000 00007fc9ac000fb8
0x00007fc9d825eb78:   000000000000000b 0000115400000013
0x00007fc9d825eb88:   00007fc9f40f0200 00007fc9ac000fb0
0x00007fc9d825eb98:   00007fc9b400aae0 00007fc9d825ebf4
0x00007fc9d825eba8:   00007fc900000128 00007fc9d825ebb8
0x00007fc9d825ebb8:   00007fc900000004 00007fc9d825ebf0 

Instructions: (pc=0x00007fc9b4000168)
0x00007fc9b4000148:   38 01 00 b4 c9 7f 00 00 38 01 00 b4 c9 7f 00 00
0x00007fc9b4000158:   48 01 00 b4 c9 7f 00 00 48 01 00 b4 c9 7f 00 00
0x00007fc9b4000168:   58 01 00 b4 c9 7f 00 00 58 01 00 b4 c9 7f 00 00
0x00007fc9b4000178:   68 01 00 b4 c9 7f 00 00 68 01 00 b4 c9 7f 00 00 

Register to memory mapping:

RAX=0x00007fc9b4000168 is an unknown value
RBX=0x00007fc9b4000178 is an unknown value
RCX=0x00007fc9f9b982c0: <offset 0x2182c0> in /lib/x86_64-linux-gnu/libpthread.so.0 at 0x00007fc9f9980000
RDX=0x00007fc9f8e80200: <offset 0x431200> in /usr/lib/jvm/java-8-openjdk-amd64/jre/lib/amd64/server/libjvm.so at 0x00007fc9f8a4f000
RSP=0x00007fc9d825e9c8 is pointing into the stack for thread: 0x00007fc9f40c4000
RBP=0x00007fc9d825e9e0 is pointing into the stack for thread: 0x00007fc9f40c4000
RSI=0x00007fc9f40c4000 is a thread
RDI=0x00007fc9b4000178 is an unknown value
R8 =0x0000000000000000 is an unknown value
R9 =0x0000000000000001 is an unknown value
R10=0x0000000000000000 is an unknown value
R11=0x0000000000000001 is an unknown value
R12=0x00007fc9b4000188 is an unknown value
R13=0x00007fc9d825eacf is pointing into the stack for thread: 0x00007fc9f40c4000
R14=0x00007fc9d825ea00 is pointing into the stack for thread: 0x00007fc9f40c4000
R15=0x00007fc9f40c4000 is a thread


Stack: [0x00007fc9d815f000,0x00007fc9d8260000],  sp=0x00007fc9d825e9c8,  free space=1022k
Native frames: (J=compiled Java code, j=interpreted, Vv=VM code, C=native code)
C  0x00007fc9b4000168
V  [libjvm.so+0x6c02ea]
C  [libjdwp.so+0x28069]
C  [libjdwp.so+0x7420]
C  [libjdwp.so+0x12238]
C  [libjdwp.so+0x24c65]
V  [libjvm.so+0x72f8d0]
V  [libjvm.so+0xa02f03]
V  [libjvm.so+0xa033e4]
V  [libjvm.so+0x8abeb2]
C  [libpthread.so.0+0x76fa]  start_thread+0xca


---------------  P R O C E S S  ---------------

Java Threads: ( => current thread )
  0x00007fc9f4012800 JavaThread "DestroyJavaVM" [_thread_blocked, id=14581, stack(0x00007fc9fa688000,0x00007fc9fa789000)]
  0x00007fc9f483f800 JavaThread "DataBridge-ConnectionService-tcp://localhost:7611-pool-4-thread-1" [_thread_blocked, id=14609, stack(0x00007fc9b322f000,0x00007fc9b3330000)]
  0x00007fc9f483c000 JavaThread "DataBridge-ReconnectionService-pool-1-thread-1" [_thread_blocked, id=14608, stack(0x00007fc9b3330000,0x00007fc9b3431000)]
  0x00007fc9f483b000 JavaThread "DataBridge-EventQueue-pool-2-thread-1" [_thread_blocked, id=14607, stack(0x00007fc9b3431000,0x00007fc9b3532000)]
  0x00007fc9f4808000 JavaThread "Timer-0" daemon [_thread_blocked, id=14606, stack(0x00007fc9b3532000,0x00007fc9b3633000)]
  0x00007fc9f40e3800 JavaThread "Service Thread" daemon [_thread_blocked, id=14603, stack(0x00007fc9b3afb000,0x00007fc9b3bfc000)]
  0x00007fc9f40ce800 JavaThread "C1 CompilerThread2" daemon [_thread_blocked, id=14602, stack(0x00007fc9b3bfc000,0x00007fc9b3cfd000)]
  0x00007fc9f40cd000 JavaThread "C2 CompilerThread1" daemon [_thread_blocked, id=14601, stack(0x00007fc9b3cfd000,0x00007fc9b3dfe000)]
  0x00007fc9f40ca000 JavaThread "C2 CompilerThread0" daemon [_thread_blocked, id=14600, stack(0x00007fc9b3dfe000,0x00007fc9b3eff000)]
  0x00007fc9b4001000 JavaThread "JDWP Command Reader" daemon [_thread_in_native, id=14597, stack(0x00007fc9b3eff000,0x00007fc9b4000000)]
  0x00007fc9f40c7800 JavaThread "JDWP Event Helper Thread" daemon [_thread_blocked, id=14596, stack(0x00007fc9d805e000,0x00007fc9d815f000)]
=>0x00007fc9f40c4000 JavaThread "JDWP Transport Listener: dt_socket" daemon [_thread_in_vm, id=14595, stack(0x00007fc9d815f000,0x00007fc9d8260000)]
  0x00007fc9f40b2800 JavaThread "Signal Dispatcher" daemon [_thread_blocked, id=14591, stack(0x00007fc9e02d4000,0x00007fc9e03d5000)]
  0x00007fc9f408c000 JavaThread "Finalizer" daemon [_thread_blocked, id=14590, stack(0x00007fc9e03d5000,0x00007fc9e04d6000)]
  0x00007fc9f4087800 JavaThread "Reference Handler" daemon [_thread_blocked, id=14589, stack(0x00007fc9e04d6000,0x00007fc9e05d7000)]

Other Threads:
  0x00007fc9f4080000 VMThread [stack: 0x00007fc9e05d7000,0x00007fc9e06d8000] [id=14588]
  0x00007fc9f40e6000 WatcherThread [stack: 0x00007fc9b39fa000,0x00007fc9b3afb000] [id=14604]

VM state:not at safepoint (normal execution)

VM Mutex/Monitor currently owned by a thread: None

Heap:
 PSYoungGen      total 36864K, used 14254K [0x00000000d6f00000, 0x00000000d9800000, 0x0000000100000000)
  eden space 31744K, 28% used [0x00000000d6f00000,0x00000000d77ee4e0,0x00000000d8e00000)
  from space 5120K, 99% used [0x00000000d8e00000,0x00000000d92fd338,0x00000000d9300000)
  to   space 5120K, 0% used [0x00000000d9300000,0x00000000d9300000,0x00000000d9800000)
 ParOldGen       total 84992K, used 147K [0x0000000084c00000, 0x0000000089f00000, 0x00000000d6f00000)
  object space 84992K, 0% used [0x0000000084c00000,0x0000000084c24ce0,0x0000000089f00000)
 Metaspace       used 10654K, capacity 10842K, committed 11008K, reserved 1058816K
  class space    used 1155K, capacity 1223K, committed 1280K, reserved 1048576K

Card table byte_map: [0x00007fc9e29d4000,0x00007fc9e2daf000] byte_map_base: 0x00007fc9e25ae000

Marking Bits: (ParMarkBitMap*) 0x00007fc9f9963fc0
 Begin Bits: [0x00007fc9d8260000, 0x00007fc9da130000)
 End Bits:   [0x00007fc9da130000, 0x00007fc9dc000000)

Polling page: 0x00007fc9fa7b1000

CodeCache: size=245760Kb used=3834Kb max_used=3849Kb free=241925Kb
 bounds [0x00007fc9e316f000, 0x00007fc9e353f000, 0x00007fc9f216f000]
 total_blobs=1386 nmethods=1055 adapters=254
 compilation: enabled

Compilation events (10 events):
Event: 26850.711 Thread 0x00007fc9f40ce800 1125       3       org.wso2.carbon.databridge.agent.endpoint.DataEndpoint::setState (17 bytes)
Event: 26850.712 Thread 0x00007fc9f40ce800 nmethod 1125 0x00007fc9e32d6410 code [0x00007fc9e32d6580, 0x00007fc9e32d6870]
Event: 26850.712 Thread 0x00007fc9f40ce800 1126       3       java.util.concurrent.FutureTask::set (36 bytes)
Event: 26850.712 Thread 0x00007fc9f40ce800 nmethod 1126 0x00007fc9e352bb50 code [0x00007fc9e352bcc0, 0x00007fc9e352bee8]
Event: 26850.712 Thread 0x00007fc9f40ce800 1127       3       java.util.concurrent.FutureTask::finishCompletion (74 bytes)
Event: 26850.713 Thread 0x00007fc9f40ce800 nmethod 1127 0x00007fc9e352b190 code [0x00007fc9e352b340, 0x00007fc9e352b968]
Event: 26850.714 Thread 0x00007fc9f40ce800 1128       3       java.util.concurrent.FutureTask::done (1 bytes)
Event: 26850.714 Thread 0x00007fc9f40ce800 nmethod 1128 0x00007fc9e352ae90 code [0x00007fc9e352afe0, 0x00007fc9e352b130]
Event: 27210.706 Thread 0x00007fc9f40ca000 1130       4       java.lang.String::toUpperCase (439 bytes)
Event: 27210.724 Thread 0x00007fc9f40ca000 nmethod 1130 0x00007fc9e3532bd0 code [0x00007fc9e3532da0, 0x00007fc9e3533c38]

GC Heap History (2 events):
Event: 5460.706 GC heap before
{Heap before GC invocations=1 (full 0):
 PSYoungGen      total 36864K, used 31744K [0x00000000d6f00000, 0x00000000d9800000, 0x0000000100000000)
  eden space 31744K, 100% used [0x00000000d6f00000,0x00000000d8e00000,0x00000000d8e00000)
  from space 5120K, 0% used [0x00000000d9300000,0x00000000d9300000,0x00000000d9800000)
  to   space 5120K, 0% used [0x00000000d8e00000,0x00000000d8e00000,0x00000000d9300000)
 ParOldGen       total 84992K, used 0K [0x0000000084c00000, 0x0000000089f00000, 0x00000000d6f00000)
  object space 84992K, 0% used [0x0000000084c00000,0x0000000084c00000,0x0000000089f00000)
 Metaspace       used 10500K, capacity 10778K, committed 11008K, reserved 1058816K
  class space    used 1154K, capacity 1223K, committed 1280K, reserved 1048576K
Event: 5460.720 GC heap after
Heap after GC invocations=1 (full 0):
 PSYoungGen      total 36864K, used 5108K [0x00000000d6f00000, 0x00000000d9800000, 0x0000000100000000)
  eden space 31744K, 0% used [0x00000000d6f00000,0x00000000d6f00000,0x00000000d8e00000)
  from space 5120K, 99% used [0x00000000d8e00000,0x00000000d92fd338,0x00000000d9300000)
  to   space 5120K, 0% used [0x00000000d9300000,0x00000000d9300000,0x00000000d9800000)
 ParOldGen       total 84992K, used 147K [0x0000000084c00000, 0x0000000089f00000, 0x00000000d6f00000)
  object space 84992K, 0% used [0x0000000084c00000,0x0000000084c24ce0,0x0000000089f00000)
 Metaspace       used 10500K, capacity 10778K, committed 11008K, reserved 1058816K
  class space    used 1154K, capacity 1223K, committed 1280K, reserved 1048576K
}

Deoptimization events (7 events):
Event: 0.292 Thread 0x00007fc9f4012800 Uncommon trap: reason=unstable_if action=reinterpret pc=0x00007fc9e32a3d20 method=java.lang.String.indexOf(II)I @ 49
Event: 0.637 Thread 0x00007fc9f4012800 Uncommon trap: reason=bimorphic action=maybe_recompile pc=0x00007fc9e337cec0 method=java.util.HashMap.getNode(ILjava/lang/Object;)Ljava/util/HashMap$Node; @ 126
Event: 0.639 Thread 0x00007fc9f4012800 Uncommon trap: reason=bimorphic action=maybe_recompile pc=0x00007fc9e337cec0 method=java.util.HashMap.getNode(ILjava/lang/Object;)Ljava/util/HashMap$Node; @ 126
Event: 0.647 Thread 0x00007fc9f4012800 Uncommon trap: reason=bimorphic action=maybe_recompile pc=0x00007fc9e337cec0 method=java.util.HashMap.getNode(ILjava/lang/Object;)Ljava/util/HashMap$Node; @ 126
Event: 0.647 Thread 0x00007fc9f4012800 Uncommon trap: reason=bimorphic action=maybe_recompile pc=0x00007fc9e337cec0 method=java.util.HashMap.getNode(ILjava/lang/Object;)Ljava/util/HashMap$Node; @ 126
Event: 1.066 Thread 0x00007fc9f483f800 Uncommon trap: reason=unstable_if action=reinterpret pc=0x00007fc9e33cfe68 method=java.lang.CharacterDataLatin1.digit(II)I @ 82
Event: 17101.115 Thread 0x00007fc9f4808000 Uncommon trap: reason=uninitialized action=reinterpret pc=0x00007fc9e35058c0 method=org.wso2.carbon.databridge.agent.endpoint.thrift.ThriftSecureClientPoolFactory.terminateClient(Ljava/lang/Object;)V @ 6

Internal exceptions (10 events):
Event: 27241.396 Thread 0x00007fc9f4808000 Exception <a 'java/lang/NullPointerException'> (0x00000000d756f800) thrown at [/build/openjdk-8-W1Ghxo/openjdk-8-8u91-b14/src/hotspot/src/share/vm/runtime/sharedRuntime.cpp, line 605]
Event: 27270.706 Thread 0x00007fc9f483f800 Exception <a 'java/io/FileNotFoundException'> (0x00000000d77adea8) thrown at [/build/openjdk-8-W1Ghxo/openjdk-8-8u91-b14/src/hotspot/src/share/vm/prims/jni.cpp, line 709]
Event: 27271.398 Thread 0x00007fc9f4808000 Implicit null exception at 0x00007fc9e34e3c65 to 0x00007fc9e34e3e90
Event: 27271.398 Thread 0x00007fc9f4808000 Exception <a 'java/lang/NullPointerException'> (0x00000000d756fca0) thrown at [/build/openjdk-8-W1Ghxo/openjdk-8-8u91-b14/src/hotspot/src/share/vm/runtime/sharedRuntime.cpp, line 605]
Event: 27300.706 Thread 0x00007fc9f483f800 Exception <a 'java/io/FileNotFoundException'> (0x00000000d77b0350) thrown at [/build/openjdk-8-W1Ghxo/openjdk-8-8u91-b14/src/hotspot/src/share/vm/prims/jni.cpp, line 709]
Event: 27301.398 Thread 0x00007fc9f4808000 Implicit null exception at 0x00007fc9e34e3c65 to 0x00007fc9e34e3e90
Event: 27301.398 Thread 0x00007fc9f4808000 Exception <a 'java/lang/NullPointerException'> (0x00000000d7570120) thrown at [/build/openjdk-8-W1Ghxo/openjdk-8-8u91-b14/src/hotspot/src/share/vm/runtime/sharedRuntime.cpp, line 605]
Event: 27330.706 Thread 0x00007fc9f483f800 Exception <a 'java/io/FileNotFoundException'> (0x00000000d77b27f8) thrown at [/build/openjdk-8-W1Ghxo/openjdk-8-8u91-b14/src/hotspot/src/share/vm/prims/jni.cpp, line 709]
Event: 27331.399 Thread 0x00007fc9f4808000 Implicit null exception at 0x00007fc9e34e3c65 to 0x00007fc9e34e3e90
Event: 27331.399 Thread 0x00007fc9f4808000 Exception <a 'java/lang/NullPointerException'> (0x00000000d75705c0) thrown at [/build/openjdk-8-W1Ghxo/openjdk-8-8u91-b14/src/hotspot/src/share/vm/runtime/sharedRuntime.cpp, line 605]

Events (10 events):
Event: 27330.706 Thread 0x00007fc9f483f800 DEOPT PACKING pc=0x00007fc9e32a1db4 sp=0x00007fc9b332e680
Event: 27330.706 Thread 0x00007fc9f483f800 DEOPT UNPACKING pc=0x00007fc9e31b6373 sp=0x00007fc9b332e458 mode 1
Event: 27330.706 Thread 0x00007fc9f483f800 DEOPT PACKING pc=0x00007fc9e32cefa4 sp=0x00007fc9b332e770
Event: 27330.706 Thread 0x00007fc9f483f800 DEOPT UNPACKING pc=0x00007fc9e31b6373 sp=0x00007fc9b332e570 mode 1
Event: 27331.399 Thread 0x00007fc9f4808000 DEOPT PACKING pc=0x00007fc9e34e3e95 sp=0x00007fc9b3631740
Event: 27331.399 Thread 0x00007fc9f4808000 DEOPT UNPACKING pc=0x00007fc9e31b6373 sp=0x00007fc9b3631488 mode 1
Event: 27331.399 Thread 0x00007fc9f4808000 DEOPT PACKING pc=0x00007fc9e34e1c1c sp=0x00007fc9b3631790
Event: 27331.399 Thread 0x00007fc9f4808000 DEOPT UNPACKING pc=0x00007fc9e31b6373 sp=0x00007fc9b36314d8 mode 1
Event: 27331.399 Thread 0x00007fc9f4808000 DEOPT PACKING pc=0x00007fc9e350056c sp=0x00007fc9b36317e0
Event: 27331.399 Thread 0x00007fc9f4808000 DEOPT UNPACKING pc=0x00007fc9e31b6373 sp=0x00007fc9b3631590 mode 1


Dynamic libraries:
00400000-00401000 r-xp 00000000 08:02 5642123                            /usr/lib/jvm/java-8-openjdk-amd64/jre/bin/java
00600000-00601000 r--p 00000000 08:02 5642123                            /usr/lib/jvm/java-8-openjdk-amd64/jre/bin/java
00601000-00602000 rw-p 00001000 08:02 5642123                            /usr/lib/jvm/java-8-openjdk-amd64/jre/bin/java
01031000-01052000 rw-p 00000000 00:00 0                                  [heap]
84c00000-89f00000 rw-p 00000000 00:00 0 
89f00000-d6f00000 ---p 00000000 00:00 0 
d6f00000-d9800000 rw-p 00000000 00:00 0 
d9800000-100000000 ---p 00000000 00:00 0 
100000000-100140000 rw-p 00000000 00:00 0 
100140000-140000000 ---p 00000000 00:00 0 
7fc984000000-7fc984077000 rw-p 00000000 00:00 0 
7fc984077000-7fc988000000 ---p 00000000 00:00 0 
7fc98c000000-7fc98c021000 rw-p 00000000 00:00 0 
7fc98c021000-7fc990000000 ---p 00000000 00:00 0 
7fc990000000-7fc990021000 rw-p 00000000 00:00 0 
7fc990021000-7fc994000000 ---p 00000000 00:00 0 
7fc994000000-7fc994021000 rw-p 00000000 00:00 0 
7fc994021000-7fc998000000 ---p 00000000 00:00 0 
7fc998000000-7fc998021000 rw-p 00000000 00:00 0 
7fc998021000-7fc99c000000 ---p 00000000 00:00 0 
7fc99c000000-7fc99c2a8000 rw-p 00000000 00:00 0 
7fc99c2a8000-7fc9a0000000 ---p 00000000 00:00 0 
7fc9a0000000-7fc9a0021000 rw-p 00000000 00:00 0 
7fc9a0021000-7fc9a4000000 ---p 00000000 00:00 0 
7fc9a4000000-7fc9a485e000 rw-p 00000000 00:00 0 
7fc9a485e000-7fc9a8000000 ---p 00000000 00:00 0 
7fc9a8000000-7fc9a818f000 rw-p 00000000 00:00 0 
7fc9a818f000-7fc9ac000000 ---p 00000000 00:00 0 
7fc9ac000000-7fc9ac021000 rw-p 00000000 00:00 0 
7fc9ac021000-7fc9b0000000 ---p 00000000 00:00 0 
7fc9b2dfc000-7fc9b2f7c000 rw-p 00000000 00:00 0 
7fc9b2f7c000-7fc9b2ffc000 ---p 00000000 00:00 0 
7fc9b2ffc000-7fc9b3024000 r-xp 00000000 08:02 5642878                    /usr/lib/jvm/java-8-openjdk-amd64/jre/lib/amd64/libsunec.so
7fc9b3024000-7fc9b3223000 ---p 00028000 08:02 5642878                    /usr/lib/jvm/java-8-openjdk-amd64/jre/lib/amd64/libsunec.so
7fc9b3223000-7fc9b3227000 r--p 00027000 08:02 5642878                    /usr/lib/jvm/java-8-openjdk-amd64/jre/lib/amd64/libsunec.so
7fc9b3227000-7fc9b3228000 rw-p 0002b000 08:02 5642878                    /usr/lib/jvm/java-8-openjdk-amd64/jre/lib/amd64/libsunec.so
7fc9b3228000-7fc9b322b000 r--s 00015000 08:02 5642130                    /usr/lib/jvm/java-8-openjdk-amd64/jre/lib/jce.jar
7fc9b322b000-7fc9b322f000 r--s 00097000 08:02 5642918                    /usr/lib/jvm/java-8-openjdk-amd64/jre/lib/jsse.jar
7fc9b322f000-7fc9b3232000 ---p 00000000 00:00 0 
7fc9b3232000-7fc9b3330000 rw-p 00000000 00:00 0 
7fc9b3330000-7fc9b3333000 ---p 00000000 00:00 0 
7fc9b3333000-7fc9b3431000 rw-p 00000000 00:00 0 
7fc9b3431000-7fc9b3434000 ---p 00000000 00:00 0 
7fc9b3434000-7fc9b3532000 rw-p 00000000 00:00 0 
7fc9b3532000-7fc9b3535000 ---p 00000000 00:00 0 
7fc9b3535000-7fc9b3633000 rw-p 00000000 00:00 0 
7fc9b3633000-7fc9b3646000 r--s 00345000 08:02 5642888                    /usr/lib/jvm/java-8-openjdk-amd64/jre/lib/resources.jar
7fc9b3646000-7fc9b364f000 r--s 0002d000 08:02 5899226                    /home/yasith/.m2/repository/xml-apis/xml-apis/1.4.01/xml-apis-1.4.01.jar
7fc9b364f000-7fc9b3651000 r--s 00008000 08:02 13501066                   /home/yasith/.m2/repository/org/wso2/carbon/analytics-common/org.wso2.carbon.databridge.receiver.thrift/5.0.12-SNAPSHOT/org.wso2.carbon.databridge.receiver.thrift-5.0.12-SNAPSHOT.jar
7fc9b3651000-7fc9b3653000 r--s 00006000 08:02 50202239                   /home/yasith/.m2/repository/commons-codec/commons-codec/1.2/commons-codec-1.2.jar
7fc9b3653000-7fc9b3656000 r--s 00024000 08:02 50202238                   /home/yasith/.m2/repository/commons-io/commons-io/2.0/commons-io-2.0.jar
7fc9b3656000-7fc9b3658000 r--s 0000e000 08:02 50202237                   /home/yasith/.m2/repository/commons-lang/commons-lang/1.0/commons-lang-1.0.jar
7fc9b3658000-7fc9b365a000 r--s 00006000 08:02 49284939                   /home/yasith/.m2/repository/commons-cli/commons-cli/1.0/commons-cli-1.0.jar
7fc9b365a000-7fc9b365d000 r--s 0001b000 08:02 49415149                   /home/yasith/.m2/repository/junit/junit/3.8.1/junit-3.8.1.jar
7fc9b365d000-7fc9b365f000 r--s 00014000 08:02 50202235                   /home/yasith/.m2/repository/jline/jline/0.9.94/jline-0.9.94.jar
7fc9b365f000-7fc9b3665000 r--s 0007a000 08:02 50202232                   /home/yasith/.m2/repository/org/codehaus/woodstox/wstx-asl/3.2.9/wstx-asl-3.2.9.jar
7fc9b3665000-7fc9b3668000 r--s 0001b000 08:02 50202231                   /home/yasith/.m2/repository/org/apache/ws/commons/axiom/axiom-impl/1.2.11/axiom-impl-1.2.11.jar
7fc9b3668000-7fc9b366d000 r--s 0002e000 08:02 50202229                   /home/yasith/.m2/repository/org/apache/geronimo/specs/geronimo-javamail_1.4_spec/1.6/geronimo-javamail_1.4_spec-1.6.jar
7fc9b366d000-7fc9b366f000 r--s 00007000 08:02 50202227                   /home/yasith/.m2/repository/org/apache/geronimo/specs/geronimo-activation_1.1_spec/1.0.2/geronimo-activation_1.1_spec-1.0.2.jar
7fc9b366f000-7fc9b3679000 r--s 0005f000 08:02 50202224                   /home/yasith/.m2/repository/org/apache/ws/commons/axiom/axiom-api/1.2.11/axiom-api-1.2.11.jar
7fc9b3679000-7fc9b367c000 r--s 00011000 08:02 50202220                   /home/yasith/.m2/repository/org/wso2/securevault/org.wso2.securevault/1.0.0-wso2v2/org.wso2.securevault-1.0.0-wso2v2.jar
7fc9b367c000-7fc9b367e000 r--s 0001d000 08:02 50200642                   /home/yasith/.m2/repository/org/apache/tomcat/tomcat-jdbc/7.0.47/tomcat-jdbc-7.0.47.jar
7fc9b367e000-7fc9b3681000 r--s 00023000 08:02 50200639                   /home/yasith/.m2/repository/org/apache/tomcat/wso2/jdbc-pool/7.0.34.wso2v2/jdbc-pool-7.0.34.wso2v2.jar
7fc9b3681000-7fc9b3684000 r--s 00023000 08:02 50200637                   /home/yasith/.m2/repository/commons-dbcp/wso2/commons-dbcp/1.4.0.wso2v1/commons-dbcp-1.4.0.wso2v1.jar
7fc9b3684000-7fc9b369a000 r--s 00111000 08:02 50202085                   /home/yasith/.m2/repository/xerces/wso2/xercesImpl/2.8.1.wso2v2/xercesImpl-2.8.1.wso2v2.jar
7fc9b369a000-7fc9b369c000 r--s 00005000 08:02 55580142                   /home/yasith/.m2/repository/org/wso2/carbon/org.wso2.carbon.user.api/4.4.2/org.wso2.carbon.user.api-4.4.2.jar
7fc9b369c000-7fc9b36a2000 r--s 00068000 08:02 55580140                   /home/yasith/.m2/repository/org/wso2/carbon/org.wso2.carbon.user.core/4.4.2/org.wso2.carbon.user.core-4.4.2.jar
7fc9b36a2000-7fc9b36a4000 r--s 00003000 08:02 55841694                   /home/yasith/.m2/repository/org/wso2/carbon/commons/org.wso2.carbon.identity.authentication/4.4.8/org.wso2.carbon.identity.authentication-4.4.8.jar
7fc9b36a4000-7fc9b36a8000 r--s 0001f000 08:02 50200650                   /home/yasith/.m2/repository/org/apache/ws/commons/schema/wso2/XmlSchema/1.4.7.wso2v3/XmlSchema-1.4.7.wso2v3.jar
7fc9b36a8000-7fc9b36ab000 r--s 00020000 08:02 51124441                   /home/yasith/.m2/repository/org/wso2/carbon/org.wso2.carbon.authenticator.stub/4.4.2/org.wso2.carbon.authenticator.stub-4.4.2.jar
7fc9b36ab000-7fc9b36ad000 r--s 00004000 08:02 50202218                   /home/yasith/.m2/repository/javax/xml/stream/stax-api/1.0-2/stax-api-1.0-2.jar
7fc9b36ad000-7fc9b36b1000 r--s 00029000 08:02 50202216                   /home/yasith/.m2/repository/org/codehaus/woodstox/stax2-api/3.1.1/stax2-api-3.1.1.jar
7fc9b36b1000-7fc9b36b7000 r--s 00070000 08:02 50202215                   /home/yasith/.m2/repository/org/codehaus/woodstox/woodstox-core-asl/4.2.0/woodstox-core-asl-4.2.0.jar
7fc9b36b7000-7fc9b36b9000 r--s 00006000 08:02 50202213                   /home/yasith/.m2/repository/org/apache/geronimo/specs/geronimo-stax-api_1.0_spec/1.0.1/geronimo-stax-api_1.0_spec-1.0.1.jar
7fc9b36b9000-7fc9b36c3000 r--s 0009e000 08:02 50202212                   /home/yasith/.m2/repository/org/apache/geronimo/specs/wso2/geronimo-stax-api_1.0_spec/1.0.1.wso2v2/geronimo-stax-api_1.0_spec-1.0.1.wso2v2.jar
7fc9b36c3000-7fc9b36e8000 r--s 00212000 08:02 50202211                   /home/yasith/.m2/repository/org/apache/ws/commons/axiom/wso2/axiom/1.2.11.wso2v9/axiom-1.2.11.wso2v9.jar
7fc9b36e8000-7fc9b36e9000 r--s 00003000 08:02 50991812                   /home/yasith/.m2/repository/org/wso2/carbon/org.wso2.carbon.authenticator.proxy/4.4.2/org.wso2.carbon.authenticator.proxy-4.4.2.jar
7fc9b36e9000-7fc9b36eb000 r--s 00002000 08:02 56104068                   /home/yasith/.m2/repository/org/wso2/carbon/org.wso2.carbon.core.common/4.4.2/org.wso2.carbon.core.common-4.4.2.jar
7fc9b36eb000-7fc9b3717000 r--s 00208000 08:02 5899045                    /home/yasith/.m2/repository/com/google/guava/guava/19.0/guava-19.0.jar
7fc9b3717000-7fc9b3719000 r--s 00011000 08:02 13501065                   /home/yasith/.m2/repository/org/wso2/carbon/analytics-common/org.wso2.carbon.databridge.core/5.0.12-SNAPSHOT/org.wso2.carbon.databridge.core-5.0.12-SNAPSHOT.jar
7fc9b3719000-7fc9b371a000 r--s 00007000 08:02 51645077                   /home/yasith/.m2/repository/slf4j/wso2/slf4j/1.5.10.wso2v1/slf4j-1.5.10.wso2v1.jar
7fc9b371a000-7fc9b3720000 r--s 00032000 08:02 50333821                   /home/yasith/.m2/repository/org/apache/httpcomponents/httpcore/4.2.4/httpcore-4.2.4.jar
7fc9b3720000-7fc9b3729000 r--s 00061000 08:02 50333718                   /home/yasith/.m2/repository/org/apache/httpcomponents/httpclient/4.2.5/httpclient-4.2.5.jar
7fc9b3729000-7fc9b372a000 r--s 00005000 08:02 56758983                   /home/yasith/.m2/repository/org/slf4j/slf4j-api/1.5.8/slf4j-api-1.5.8.jar
7fc9b372a000-7fc9b372f000 r--s 00033000 08:02 56627948                   /home/yasith/.m2/repository/org/apache/thrift/libthrift/0.9.2/libthrift-0.9.2.jar
7fc9b372f000-7fc9b3734000 r--s 00033000 08:02 54792974                   /home/yasith/.m2/repository/libthrift/wso2/libthrift/0.9.2.wso2v1/libthrift-0.9.2.wso2v1.jar
7fc9b3734000-7fc9b3742000 r--s 00073000 08:02 13501064                   /home/yasith/.m2/repository/org/wso2/carbon/analytics-common/org.wso2.carbon.databridge.commons.thrift/5.0.12-SNAPSHOT/org.wso2.carbon.databridge.commons.thrift-5.0.12-SNAPSHOT.jar
7fc9b3742000-7fc9b3743000 r--s 0000b000 08:02 54397959                   /home/yasith/.m2/repository/org/json/wso2/json/2.0.0.wso2v1/json-2.0.0.wso2v1.jar
7fc9b3743000-7fc9b3746000 r--s 00012000 08:02 50202246                   /home/yasith/.m2/repository/wrapper/wrapper/3.2.3/wrapper-3.2.3.jar
7fc9b3746000-7fc9b3748000 r--s 00003000 08:02 51646685                   /home/yasith/.m2/repository/org/wso2/carbon/org.wso2.carbon.bootstrap/4.4.2/org.wso2.carbon.bootstrap-4.4.2.jar
7fc9b3748000-7fc9b3751000 r--s 0006f000 08:02 50202708                   /home/yasith/.m2/repository/log4j/log4j/1.2.17/log4j-1.2.17.jar
7fc9b3751000-7fc9b375a000 r--s 0006d000 08:02 50202243                   /home/yasith/.m2/repository/org/apache/log4j/wso2/log4j/1.2.17.wso2v1/log4j-1.2.17.wso2v1.jar
7fc9b375a000-7fc9b3764000 r--s 0007b000 08:02 51516191                   /home/yasith/.m2/repository/org/wso2/carbon/org.wso2.carbon.logging/4.4.2/org.wso2.carbon.logging-4.4.2.jar
7fc9b3764000-7fc9b3769000 r--s 00034000 08:02 5639873                    /home/yasith/.m2/repository/com/google/code/gson/gson/2.5/gson-2.5.jar
7fc9b3769000-7fc9b376b000 r--s 0000a000 08:02 13500954                   /home/yasith/.m2/repository/org/wso2/carbon/analytics-common/org.wso2.carbon.databridge.commons/5.0.12-SNAPSHOT/org.wso2.carbon.databridge.commons-5.0.12-SNAPSHOT.jar
7fc9b376b000-7fc9b376c000 r--s 00002000 08:02 13501063                   /home/yasith/.m2/repository/org/wso2/carbon/analytics-common/org.wso2.carbon.databridge.commons.binary/5.0.12-SNAPSHOT/org.wso2.carbon.databridge.commons.binary-5.0.12-SNAPSHOT.jar
7fc9b376c000-7fc9b376f000 r--s 00012000 08:02 54397960                   /home/yasith/.m2/repository/org/wso2/orbit/com/lmax/disruptor/3.3.2.wso2v2/disruptor-3.3.2.wso2v2.jar
7fc9b376f000-7fc9b377a000 r--s 00085000 08:02 51909036                   /home/yasith/.m2/repository/org/wso2/orbit/org/apache/httpcomponents/httpclient/4.3.1.wso2v2/httpclient-4.3.1.wso2v2.jar
7fc9b377a000-7fc9b377d000 r--s 00016000 08:02 50200668                   /home/yasith/.m2/repository/commons-pool/commons-pool/1.5.6/commons-pool-1.5.6.jar
7fc9b377d000-7fc9b3780000 r--s 00015000 08:02 50200665                   /home/yasith/.m2/repository/commons-pool/wso2/commons-pool/1.5.6.wso2v1/commons-pool-1.5.6.wso2v1.jar
7fc9b3780000-7fc9b3785000 r--s 0002b000 08:02 50333555                   /home/yasith/.m2/repository/wsdl4j/wso2/wsdl4j/1.6.2.wso2v4/wsdl4j-1.6.2.wso2v4.jar
7fc9b3785000-7fc9b3786000 r--s 00007000 08:02 50200633                   /home/yasith/.m2/repository/org/apache/tomcat/tomcat-util/7.0.59/tomcat-util-7.0.59.jar
7fc9b3786000-7fc9b3787000 r--s 00001000 08:02 50200620                   /home/yasith/.m2/repository/org/apache/tomcat/tomcat-api/7.0.59/tomcat-api-7.0.59.jar
7fc9b3787000-7fc9b3788000 r--s 00003000 08:02 50200618                   /home/yasith/.m2/repository/org/apache/tomcat/tomcat-annotations-api/7.0.59/tomcat-annotations-api-7.0.59.jar
7fc9b3788000-7fc9b379a000 r--s 00177000 08:02 50200615                   /home/yasith/.m2/repository/org/apache/tomcat/tomcat-catalina/7.0.59/tomcat-catalina-7.0.59.jar
7fc9b379a000-7fc9b379e000 r--s 0003b000 08:02 50200613                   /home/yasith/.m2/repository/org/apache/tomcat/tomcat-tribes/7.0.59/tomcat-tribes-7.0.59.jar
7fc9b379e000-7fc9b37a0000 r--s 00008000 08:02 50200611                   /home/yasith/.m2/repository/org/apache/tomcat/tomcat-juli/7.0.59/tomcat-juli-7.0.59.jar
7fc9b37a0000-7fc9b37a2000 r--s 0001f000 08:02 50200608                   /home/yasith/.m2/repository/org/apache/tomcat/tomcat-catalina-ha/7.0.59/tomcat-catalina-ha-7.0.59.jar
7fc9b37a2000-7fc9b37a9000 r--s 0003e000 08:02 50200606                   /home/yasith/.m2/repository/org/apache/httpcomponents/wso2/httpcore/4.3.3.wso2v1/httpcore-4.3.3.wso2v1.jar
7fc9b37a9000-7fc9b37aa000 r--s 00006000 08:02 50333577                   /home/yasith/.m2/repository/org/apache/neethi/wso2/neethi/2.0.4.wso2v4/neethi-2.0.4.wso2v4.jar
7fc9b37aa000-7fc9b37fb000 r--s 00738000 08:02 54661501                   /home/yasith/.m2/repository/org/apache/axis2/wso2/axis2/1.6.1.wso2v15/axis2-1.6.1.wso2v15.jar
7fc9b37fb000-7fc9b3808000 r--s 00080000 08:02 50333556                   /home/yasith/.m2/repository/commons-collections/wso2/commons-collections/3.2.0.wso2v1/commons-collections-3.2.0.wso2v1.jar
7fc9b3808000-7fc9b381b000 r--s 00128000 08:02 50202105                   /home/yasith/.m2/repository/org/apache/ant/ant/1.7.0/ant-1.7.0.jar
7fc9b381b000-7fc9b382e000 r--s 0012c000 08:02 50202097                   /home/yasith/.m2/repository/org/apache/ant/wso2/ant/1.7.0.wso2v1/ant-1.7.0.wso2v1.jar
7fc9b382e000-7fc9b3831000 r--s 0000b000 08:02 50202143                   /home/yasith/.m2/repository/commons-fileupload/wso2/commons-fileupload/1.2.2.wso2v1/commons-fileupload-1.2.2.wso2v1.jar
7fc9b3831000-7fc9b3843000 r--s 00245000 08:02 50202127                   /home/yasith/.m2/repository/com/ibm/icu/icu4j/2.6.1/icu4j-2.6.1.jar
7fc9b3843000-7fc9b3868000 r--s 002dc000 08:02 50202125                   /home/yasith/.m2/repository/xalan/xalan/2.6.0/xalan-2.6.0.jar
7fc9b3868000-7fc9b386e000 r--s 00019000 08:02 50202120                   /home/yasith/.m2/repository/xerces/xmlParserAPIs/2.6.2/xmlParserAPIs-2.6.2.jar
7fc9b386e000-7fc9b3871000 r--s 00018000 08:02 50202116                   /home/yasith/.m2/repository/xom/xom/1.0/xom-1.0.jar
7fc9b3871000-7fc9b3876000 r--s 00048000 08:02 50202087                   /home/yasith/.m2/repository/dom4j/dom4j/1.6.1/dom4j-1.6.1.jar
7fc9b3876000-7fc9b3896000 r--s 001a9000 08:02 50200664                   /home/yasith/.m2/repository/org/apache/poi/poi/3.9/poi-3.9.jar
7fc9b3896000-7fc9b38c6000 r--s 002c6000 08:02 50200659                   /home/yasith/.m2/repository/org/apache/poi/wso2/poi-scratchpad/3.9.0.wso2v1/poi-scratchpad-3.9.0.wso2v1.jar
7fc9b38c6000-7fc9b3960000 r--s 00653000 08:02 50200593                   /home/yasith/.m2/repository/com/hazelcast/hazelcast-all/3.5.2/hazelcast-all-3.5.2.jar
7fc9b3960000-7fc9b39fa000 r--s 00633000 08:02 50200591                   /home/yasith/.m2/repository/org/wso2/orbit/com/hazelcast/hazelcast/3.5.2.wso2v1/hazelcast-3.5.2.wso2v1.jar
7fc9b39fa000-7fc9b39fb000 ---p 00000000 00:00 0 
7fc9b39fb000-7fc9b3afb000 rw-p 00000000 00:00 0 
7fc9b3afb000-7fc9b3afe000 ---p 00000000 00:00 0 
7fc9b3afe000-7fc9b3bfc000 rw-p 00000000 00:00 0 
7fc9b3bfc000-7fc9b3bff000 ---p 00000000 00:00 0 
7fc9b3bff000-7fc9b3cfd000 rw-p 00000000 00:00 0 
7fc9b3cfd000-7fc9b3d00000 ---p 00000000 00:00 0 
7fc9b3d00000-7fc9b3dfe000 rw-p 00000000 00:00 0 
7fc9b3dfe000-7fc9b3e01000 ---p 00000000 00:00 0 
7fc9b3e01000-7fc9b3eff000 rw-p 00000000 00:00 0 
7fc9b3eff000-7fc9b3f02000 ---p 00000000 00:00 0 
7fc9b3f02000-7fc9b4000000 rw-p 00000000 00:00 0 
7fc9b4000000-7fc9b4021000 rw-p 00000000 00:00 0 
7fc9b4021000-7fc9b8000000 ---p 00000000 00:00 0 
7fc9b8000000-7fc9b8021000 rw-p 00000000 00:00 0 
7fc9b8021000-7fc9bc000000 ---p 00000000 00:00 0 
7fc9bc000000-7fc9bc021000 rw-p 00000000 00:00 0 
7fc9bc021000-7fc9c0000000 ---p 00000000 00:00 0 
7fc9c0000000-7fc9c0021000 rw-p 00000000 00:00 0 
7fc9c0021000-7fc9c4000000 ---p 00000000 00:00 0 
7fc9c4000000-7fc9c4021000 rw-p 00000000 00:00 0 
7fc9c4021000-7fc9c8000000 ---p 00000000 00:00 0 
7fc9c8000000-7fc9c8021000 rw-p 00000000 00:00 0 
7fc9c8021000-7fc9cc000000 ---p 00000000 00:00 0 
7fc9cc000000-7fc9cc021000 rw-p 00000000 00:00 0 
7fc9cc021000-7fc9d0000000 ---p 00000000 00:00 0 
7fc9d0000000-7fc9d0021000 rw-p 00000000 00:00 0 
7fc9d0021000-7fc9d4000000 ---p 00000000 00:00 0 
7fc9d4000000-7fc9d4021000 rw-p 00000000 00:00 0 
7fc9d4021000-7fc9d8000000 ---p 00000000 00:00 0 
7fc9d8000000-7fc9d8002000 r--s 0000d000 08:02 50202076                   /home/yasith/.m2/repository/commons-fileupload/commons-fileupload/1.2.2/commons-fileupload-1.2.2.jar
7fc9d8002000-7fc9d8008000 r--s 00032000 08:02 50202086                   /home/yasith/.m2/repository/jaxen/jaxen/1.1.1/jaxen-1.1.1.jar
7fc9d8008000-7fc9d8012000 r--s 0006c000 08:02 50202084                   /home/yasith/.m2/repository/org/igniterealtime/smack/wso2/smackx/3.0.4.wso2v1/smackx-3.0.4.wso2v1.jar
7fc9d8012000-7fc9d8018000 r--s 0003d000 08:02 50202082                   /home/yasith/.m2/repository/org/igniterealtime/smack/wso2/smack/3.0.4.wso2v1/smack-3.0.4.wso2v1.jar
7fc9d8018000-7fc9d801e000 r--s 0003b000 08:02 13501069                   /home/yasith/.m2/repository/org/wso2/carbon/org.wso2.carbon.utils/4.4.2/org.wso2.carbon.utils-4.4.2.jar
7fc9d801e000-7fc9d805e000 r--s 00534000 08:02 50200655                   /home/yasith/.m2/repository/org/compass-project/wso2/compass/2.0.1.wso2v2/compass-2.0.1.wso2v2.jar
7fc9d805e000-7fc9d8061000 ---p 00000000 00:00 0 
7fc9d8061000-7fc9d815f000 rw-p 00000000 00:00 0 
7fc9d815f000-7fc9d8162000 ---p 00000000 00:00 0 
7fc9d8162000-7fc9dc000000 rw-p 00000000 00:00 0 
7fc9dc000000-7fc9dc021000 rw-p 00000000 00:00 0 
7fc9dc021000-7fc9e0000000 ---p 00000000 00:00 0 
7fc9e0000000-7fc9e0001000 r--s 00002000 08:02 50202157                   /home/yasith/.m2/repository/org/apache/ant/ant-launcher/1.7.0/ant-launcher-1.7.0.jar
7fc9e0001000-7fc9e0004000 r--s 00023000 08:02 50202054                   /home/yasith/.m2/repository/jdom/jdom/1.0/jdom-1.0.jar
7fc9e0004000-7fc9e0005000 r--s 00002000 08:02 54530800                   /home/yasith/.m2/repository/org/wso2/carbon/org.wso2.carbon.queuing/4.4.2/org.wso2.carbon.queuing-4.4.2.jar
7fc9e0005000-7fc9e000a000 r--s 0003b000 08:02 50202208                   /home/yasith/.m2/repository/org/apache/commons/ssl/not-yet-commons-ssl/0.3.9/not-yet-commons-ssl-0.3.9.jar
7fc9e000a000-7fc9e0010000 r--s 00045000 08:02 50202202                   /home/yasith/.m2/repository/commons-httpclient/commons-httpclient/3.1/commons-httpclient-3.1.jar
7fc9e0010000-7fc9e0019000 r--s 00082000 08:02 50202203                   /home/yasith/.m2/repository/commons-httpclient/wso2/commons-httpclient/3.1.0.wso2v2/commons-httpclient-3.1.0.wso2v2.jar
7fc9e0019000-7fc9e002a000 r--s 0011b000 08:02 50200661                   /home/yasith/.m2/repository/org/apache/poi/poi-scratchpad/3.9/poi-scratchpad-3.9.jar
7fc9e002a000-7fc9e0037000 r--s 00102000 08:02 50200657                   /home/yasith/.m2/repository/org/apache/abdera/wso2/abdera/1.0.0.wso2v3/abdera-1.0.0.wso2v3.jar
7fc9e0037000-7fc9e0038000 r--s 00001000 08:02 54530793                   /home/yasith/.m2/repository/org/wso2/carbon/org.wso2.carbon.registry.xboot/4.4.2/org.wso2.carbon.registry.xboot-4.4.2.jar
7fc9e0038000-7fc9e003a000 r--s 00003000 08:02 54530684                   /home/yasith/.m2/repository/org/wso2/carbon/org.wso2.carbon.registry.api/4.4.2/org.wso2.carbon.registry.api-4.4.2.jar
7fc9e003a000-7fc9e003b000 r--s 00002000 08:02 50200648                   /home/yasith/.m2/repository/net/sourceforge/findbugs/annotations/1.3.2/annotations-1.3.2.jar
7fc9e003b000-7fc9e003e000 r--s 00023000 08:02 6032844                    /home/yasith/.m2/repository/commons-io/wso2/commons-io/2.0.0.wso2v2/commons-io-2.0.0.wso2v2.jar
7fc9e003e000-7fc9e0048000 r--s 000bd000 08:02 54530682                   /home/yasith/.m2/repository/org/wso2/carbon/org.wso2.carbon.registry.core/4.4.2/org.wso2.carbon.registry.core-4.4.2.jar
7fc9e0048000-7fc9e004a000 r--s 00007000 08:02 54530677                   /home/yasith/.m2/repository/org/wso2/carbon/org.wso2.carbon.base/4.4.2/org.wso2.carbon.base-4.4.2.jar
7fc9e004a000-7fc9e004d000 r--s 00013000 08:02 54530675                   /home/yasith/.m2/repository/org/wso2/carbon/javax.cache.wso2/4.4.2/javax.cache.wso2-4.4.2.jar
7fc9e004d000-7fc9e0084000 r--s 00226000 08:02 50202042                   /home/yasith/.m2/repository/org/bouncycastle/bcprov-jdk15on/1.49/bcprov-jdk15on-1.49.jar
7fc9e0084000-7fc9e0098000 r--s 00139000 08:02 50204054                   /home/yasith/.m2/repository/org/eclipse/osgi/org.eclipse.osgi/3.7.0.v20110613/org.eclipse.osgi-3.7.0.v20110613.jar
7fc9e0098000-7fc9e00b3000 r--s 001d7000 08:02 5642907                    /usr/lib/jvm/java-8-openjdk-amd64/jre/lib/ext/nashorn.jar
7fc9e00b3000-7fc9e00cf000 r--s 00393000 08:02 5642909                    /usr/lib/jvm/java-8-openjdk-amd64/jre/lib/ext/cldrdata.jar
7fc9e00cf000-7fc9e00d3000 r-xp 00000000 08:02 5642880                    /usr/lib/jvm/java-8-openjdk-amd64/jre/lib/amd64/libdt_socket.so
7fc9e00d3000-7fc9e02d2000 ---p 00004000 08:02 5642880                    /usr/lib/jvm/java-8-openjdk-amd64/jre/lib/amd64/libdt_socket.so
7fc9e02d2000-7fc9e02d3000 r--p 00003000 08:02 5642880                    /usr/lib/jvm/java-8-openjdk-amd64/jre/lib/amd64/libdt_socket.so
7fc9e02d3000-7fc9e02d4000 rw-p 00004000 08:02 5642880                    /usr/lib/jvm/java-8-openjdk-amd64/jre/lib/amd64/libdt_socket.so
7fc9e02d4000-7fc9e02d7000 ---p 00000000 00:00 0 
7fc9e02d7000-7fc9e03d5000 rw-p 00000000 00:00 0 
7fc9e03d5000-7fc9e03d8000 ---p 00000000 00:00 0 
7fc9e03d8000-7fc9e04d6000 rw-p 00000000 00:00 0 
7fc9e04d6000-7fc9e04d9000 ---p 00000000 00:00 0 
7fc9e04d9000-7fc9e05d7000 rw-p 00000000 00:00 0 
7fc9e05d7000-7fc9e05d8000 ---p 00000000 00:00 0 
7fc9e05d8000-7fc9e1697000 rw-p 00000000 00:00 0 
7fc9e1697000-7fc9e1865000 r--s 03beb000 08:02 5642898                    /usr/lib/jvm/java-8-openjdk-amd64/jre/lib/rt.jar
7fc9e1865000-7fc9e243f000 rw-p 00000000 00:00 0 
7fc9e243f000-7fc9e2440000 ---p 00000000 00:00 0 
7fc9e2440000-7fc9e2540000 rw-p 00000000 00:00 0 
7fc9e2540000-7fc9e2541000 ---p 00000000 00:00 0 
7fc9e2541000-7fc9e2641000 rw-p 00000000 00:00 0 
7fc9e2641000-7fc9e2642000 ---p 00000000 00:00 0 
7fc9e2642000-7fc9e276c000 rw-p 00000000 00:00 0 
7fc9e276c000-7fc9e29d4000 ---p 00000000 00:00 0 
7fc9e29d4000-7fc9e29fe000 rw-p 00000000 00:00 0 
7fc9e29fe000-7fc9e2c65000 ---p 00000000 00:00 0 
7fc9e2c65000-7fc9e2c7a000 rw-p 00000000 00:00 0 
7fc9e2c7a000-7fc9e2dae000 ---p 00000000 00:00 0 
7fc9e2dae000-7fc9e2dbf000 rw-p 00000000 00:00 0 
7fc9e2dbf000-7fc9e316f000 ---p 00000000 00:00 0 
7fc9e316f000-7fc9e353f000 rwxp 00000000 00:00 0 
7fc9e353f000-7fc9f216f000 ---p 00000000 00:00 0 
7fc9f216f000-7fc9f2177000 r-xp 00000000 08:02 5642869                    /usr/lib/jvm/java-8-openjdk-amd64/jre/lib/amd64/libzip.so
7fc9f2177000-7fc9f2376000 ---p 00008000 08:02 5642869                    /usr/lib/jvm/java-8-openjdk-amd64/jre/lib/amd64/libzip.so
7fc9f2376000-7fc9f2377000 r--p 00007000 08:02 5642869                    /usr/lib/jvm/java-8-openjdk-amd64/jre/lib/amd64/libzip.so
7fc9f2377000-7fc9f2378000 rw-p 00008000 08:02 5642869                    /usr/lib/jvm/java-8-openjdk-amd64/jre/lib/amd64/libzip.so
7fc9f2378000-7fc9f2383000 r-xp 00000000 08:02 40636864                   /lib/x86_64-linux-gnu/libnss_files-2.23.so
7fc9f2383000-7fc9f2582000 ---p 0000b000 08:02 40636864                   /lib/x86_64-linux-gnu/libnss_files-2.23.so
7fc9f2582000-7fc9f2583000 r--p 0000a000 08:02 40636864                   /lib/x86_64-linux-gnu/libnss_files-2.23.so
7fc9f2583000-7fc9f2584000 rw-p 0000b000 08:02 40636864                   /lib/x86_64-linux-gnu/libnss_files-2.23.so
7fc9f2584000-7fc9f258a000 rw-p 00000000 00:00 0 
7fc9f258a000-7fc9f2595000 r-xp 00000000 08:02 40636874                   /lib/x86_64-linux-gnu/libnss_nis-2.23.so
7fc9f2595000-7fc9f2794000 ---p 0000b000 08:02 40636874                   /lib/x86_64-linux-gnu/libnss_nis-2.23.so
7fc9f2794000-7fc9f2795000 r--p 0000a000 08:02 40636874                   /lib/x86_64-linux-gnu/libnss_nis-2.23.so
7fc9f2795000-7fc9f2796000 rw-p 0000b000 08:02 40636874                   /lib/x86_64-linux-gnu/libnss_nis-2.23.so
7fc9f2796000-7fc9f27ac000 r-xp 00000000 08:02 40636858                   /lib/x86_64-linux-gnu/libnsl-2.23.so
7fc9f27ac000-7fc9f29ab000 ---p 00016000 08:02 40636858                   /lib/x86_64-linux-gnu/libnsl-2.23.so
7fc9f29ab000-7fc9f29ac000 r--p 00015000 08:02 40636858                   /lib/x86_64-linux-gnu/libnsl-2.23.so
7fc9f29ac000-7fc9f29ad000 rw-p 00016000 08:02 40636858                   /lib/x86_64-linux-gnu/libnsl-2.23.so
7fc9f29ad000-7fc9f29af000 rw-p 00000000 00:00 0 
7fc9f29af000-7fc9f29b7000 r-xp 00000000 08:02 40636860                   /lib/x86_64-linux-gnu/libnss_compat-2.23.so
7fc9f29b7000-7fc9f2bb6000 ---p 00008000 08:02 40636860                   /lib/x86_64-linux-gnu/libnss_compat-2.23.so
7fc9f2bb6000-7fc9f2bb7000 r--p 00007000 08:02 40636860                   /lib/x86_64-linux-gnu/libnss_compat-2.23.so
7fc9f2bb7000-7fc9f2bb8000 rw-p 00008000 08:02 40636860                   /lib/x86_64-linux-gnu/libnss_compat-2.23.so
7fc9f2bb8000-7fc9f3578000 r--p 00000000 08:02 793373                     /usr/lib/locale/locale-archive
7fc9f3578000-7fc9f357a000 r-xp 00000000 08:02 5642132                    /usr/lib/jvm/java-8-openjdk-amd64/jre/lib/amd64/libnpt.so
7fc9f357a000-7fc9f377a000 ---p 00002000 08:02 5642132                    /usr/lib/jvm/java-8-openjdk-amd64/jre/lib/amd64/libnpt.so
7fc9f377a000-7fc9f377b000 r--p 00002000 08:02 5642132                    /usr/lib/jvm/java-8-openjdk-amd64/jre/lib/amd64/libnpt.so
7fc9f377b000-7fc9f377c000 rw-p 00003000 08:02 5642132                    /usr/lib/jvm/java-8-openjdk-amd64/jre/lib/amd64/libnpt.so
7fc9f377c000-7fc9f37b7000 r-xp 00000000 08:02 5642851                    /usr/lib/jvm/java-8-openjdk-amd64/jre/lib/amd64/libjdwp.so
7fc9f37b7000-7fc9f39b6000 ---p 0003b000 08:02 5642851                    /usr/lib/jvm/java-8-openjdk-amd64/jre/lib/amd64/libjdwp.so
7fc9f39b6000-7fc9f39b7000 r--p 0003a000 08:02 5642851                    /usr/lib/jvm/java-8-openjdk-amd64/jre/lib/amd64/libjdwp.so
7fc9f39b7000-7fc9f39b8000 rw-p 0003b000 08:02 5642851                    /usr/lib/jvm/java-8-openjdk-amd64/jre/lib/amd64/libjdwp.so
7fc9f39b8000-7fc9f39e5000 r-xp 00000000 08:02 5642855                    /usr/lib/jvm/java-8-openjdk-amd64/jre/lib/amd64/libjava.so
7fc9f39e5000-7fc9f3be4000 ---p 0002d000 08:02 5642855                    /usr/lib/jvm/java-8-openjdk-amd64/jre/lib/amd64/libjava.so
7fc9f3be4000-7fc9f3be5000 r--p 0002c000 08:02 5642855                    /usr/lib/jvm/java-8-openjdk-amd64/jre/lib/amd64/libjava.so
7fc9f3be5000-7fc9f3be7000 rw-p 0002d000 08:02 5642855                    /usr/lib/jvm/java-8-openjdk-amd64/jre/lib/amd64/libjava.so
7fc9f3be7000-7fc9f3bf6000 r-xp 00000000 08:02 5642856                    /usr/lib/jvm/java-8-openjdk-amd64/jre/lib/amd64/libverify.so
7fc9f3bf6000-7fc9f3df5000 ---p 0000f000 08:02 5642856                    /usr/lib/jvm/java-8-openjdk-amd64/jre/lib/amd64/libverify.so
7fc9f3df5000-7fc9f3df7000 r--p 0000e000 08:02 5642856                    /usr/lib/jvm/java-8-openjdk-amd64/jre/lib/amd64/libverify.so
7fc9f3df7000-7fc9f3df8000 rw-p 00010000 08:02 5642856                    /usr/lib/jvm/java-8-openjdk-amd64/jre/lib/amd64/libverify.so
7fc9f3df8000-7fc9f3dff000 r-xp 00000000 08:02 40636919                   /lib/x86_64-linux-gnu/librt-2.23.so
7fc9f3dff000-7fc9f3ffe000 ---p 00007000 08:02 40636919                   /lib/x86_64-linux-gnu/librt-2.23.so
7fc9f3ffe000-7fc9f3fff000 r--p 00006000 08:02 40636919                   /lib/x86_64-linux-gnu/librt-2.23.so
7fc9f3fff000-7fc9f4000000 rw-p 00007000 08:02 40636919                   /lib/x86_64-linux-gnu/librt-2.23.so
7fc9f4000000-7fc9f4853000 rw-p 00000000 00:00 0 
7fc9f4853000-7fc9f8000000 ---p 00000000 00:00 0 
7fc9f8000000-7fc9f8001000 r--s 00004000 08:02 54530679                   /home/yasith/.m2/repository/org/wso2/carbon/org.wso2.carbon.securevault/4.4.2/org.wso2.carbon.securevault-4.4.2.jar
7fc9f8001000-7fc9f8002000 r--s 00003000 08:02 50202035                   /home/yasith/.m2/repository/org/apache/geronimo/specs/geronimo-jta_1.1_spec/1.1/geronimo-jta_1.1_spec-1.1.jar
7fc9f8002000-7fc9f8003000 r--s 00209000 08:02 50202038                   /home/yasith/.m2/repository/org/bouncycastle/wso2/bcprov-jdk15on/1.49.0.wso2v2/bcprov-jdk15on-1.49.0.wso2v2.jar
7fc9f8003000-7fc9f8007000 r--s 0002e000 08:02 50202159                   /home/yasith/.m2/repository/org/eclipse/equinox/javax.servlet/3.0.0.v201112011016/javax.servlet-3.0.0.v201112011016.jar
7fc9f8007000-7fc9f8010000 r--s 000e4000 08:02 55580138                   /home/yasith/.m2/repository/org/wso2/carbon/org.wso2.carbon.core/4.4.2/org.wso2.carbon.core-4.4.2.jar
7fc9f8010000-7fc9f8013000 r--s 00012000 08:02 50334063                   /home/yasith/.m2/repository/org/eclipse/osgi/org.eclipse.osgi.services/3.3.100.v20120522-1822/org.eclipse.osgi.services-3.3.100.v20120522-1822.jar
7fc9f8013000-7fc9f8016000 r--s 00016000 08:02 13501062                   /home/yasith/.m2/repository/org/wso2/carbon/analytics-common/org.wso2.carbon.databridge.agent/5.0.12-SNAPSHOT/org.wso2.carbon.databridge.agent-5.0.12-SNAPSHOT.jar
7fc9f8016000-7fc9f80ad000 rw-p 00000000 00:00 0 
7fc9f80ad000-7fc9f80ae000 ---p 00000000 00:00 0 
7fc9f80ae000-7fc9f81ae000 rw-p 00000000 00:00 0 
7fc9f81ae000-7fc9f81c4000 r-xp 00000000 08:02 40636803                   /lib/x86_64-linux-gnu/libgcc_s.so.1
7fc9f81c4000-7fc9f83c3000 ---p 00016000 08:02 40636803                   /lib/x86_64-linux-gnu/libgcc_s.so.1
7fc9f83c3000-7fc9f83c4000 rw-p 00015000 08:02 40636803                   /lib/x86_64-linux-gnu/libgcc_s.so.1
7fc9f83c4000-7fc9f84cc000 r-xp 00000000 08:02 40636835                   /lib/x86_64-linux-gnu/libm-2.23.so
7fc9f84cc000-7fc9f86cb000 ---p 00108000 08:02 40636835                   /lib/x86_64-linux-gnu/libm-2.23.so
7fc9f86cb000-7fc9f86cc000 r--p 00107000 08:02 40636835                   /lib/x86_64-linux-gnu/libm-2.23.so
7fc9f86cc000-7fc9f86cd000 rw-p 00108000 08:02 40636835                   /lib/x86_64-linux-gnu/libm-2.23.so
7fc9f86cd000-7fc9f883f000 r-xp 00000000 08:02 788609                     /usr/lib/x86_64-linux-gnu/libstdc++.so.6.0.21
7fc9f883f000-7fc9f8a3f000 ---p 00172000 08:02 788609                     /usr/lib/x86_64-linux-gnu/libstdc++.so.6.0.21
7fc9f8a3f000-7fc9f8a49000 r--p 00172000 08:02 788609                     /usr/lib/x86_64-linux-gnu/libstdc++.so.6.0.21
7fc9f8a49000-7fc9f8a4b000 rw-p 0017c000 08:02 788609                     /usr/lib/x86_64-linux-gnu/libstdc++.so.6.0.21
7fc9f8a4b000-7fc9f8a4f000 rw-p 00000000 00:00 0 
7fc9f8a4f000-7fc9f9695000 r-xp 00000000 08:02 5642867                    /usr/lib/jvm/java-8-openjdk-amd64/jre/lib/amd64/server/libjvm.so
7fc9f9695000-7fc9f9895000 ---p 00c46000 08:02 5642867                    /usr/lib/jvm/java-8-openjdk-amd64/jre/lib/amd64/server/libjvm.so
7fc9f9895000-7fc9f9928000 r--p 00c46000 08:02 5642867                    /usr/lib/jvm/java-8-openjdk-amd64/jre/lib/amd64/server/libjvm.so
7fc9f9928000-7fc9f9950000 rw-p 00cd9000 08:02 5642867                    /usr/lib/jvm/java-8-openjdk-amd64/jre/lib/amd64/server/libjvm.so
7fc9f9950000-7fc9f9980000 rw-p 00000000 00:00 0 
7fc9f9980000-7fc9f9998000 r-xp 00000000 08:02 40636911                   /lib/x86_64-linux-gnu/libpthread-2.23.so
7fc9f9998000-7fc9f9b97000 ---p 00018000 08:02 40636911                   /lib/x86_64-linux-gnu/libpthread-2.23.so
7fc9f9b97000-7fc9f9b98000 r--p 00017000 08:02 40636911                   /lib/x86_64-linux-gnu/libpthread-2.23.so
7fc9f9b98000-7fc9f9b99000 rw-p 00018000 08:02 40636911                   /lib/x86_64-linux-gnu/libpthread-2.23.so
7fc9f9b99000-7fc9f9b9d000 rw-p 00000000 00:00 0 
7fc9f9b9d000-7fc9f9ba0000 r-xp 00000000 08:02 40636789                   /lib/x86_64-linux-gnu/libdl-2.23.so
7fc9f9ba0000-7fc9f9d9f000 ---p 00003000 08:02 40636789                   /lib/x86_64-linux-gnu/libdl-2.23.so
7fc9f9d9f000-7fc9f9da0000 r--p 00002000 08:02 40636789                   /lib/x86_64-linux-gnu/libdl-2.23.so
7fc9f9da0000-7fc9f9da1000 rw-p 00003000 08:02 40636789                   /lib/x86_64-linux-gnu/libdl-2.23.so
7fc9f9da1000-7fc9f9dba000 r-xp 00000000 08:02 40636956                   /lib/x86_64-linux-gnu/libz.so.1.2.8
7fc9f9dba000-7fc9f9fb9000 ---p 00019000 08:02 40636956                   /lib/x86_64-linux-gnu/libz.so.1.2.8
7fc9f9fb9000-7fc9f9fba000 r--p 00018000 08:02 40636956                   /lib/x86_64-linux-gnu/libz.so.1.2.8
7fc9f9fba000-7fc9f9fbb000 rw-p 00019000 08:02 40636956                   /lib/x86_64-linux-gnu/libz.so.1.2.8
7fc9f9fbb000-7fc9fa17b000 r-xp 00000000 08:02 40636765                   /lib/x86_64-linux-gnu/libc-2.23.so
7fc9fa17b000-7fc9fa37a000 ---p 001c0000 08:02 40636765                   /lib/x86_64-linux-gnu/libc-2.23.so
7fc9fa37a000-7fc9fa37e000 r--p 001bf000 08:02 40636765                   /lib/x86_64-linux-gnu/libc-2.23.so
7fc9fa37e000-7fc9fa380000 rw-p 001c3000 08:02 40636765                   /lib/x86_64-linux-gnu/libc-2.23.so
7fc9fa380000-7fc9fa384000 rw-p 00000000 00:00 0 
7fc9fa384000-7fc9fa391000 r-xp 00000000 08:02 5642882                    /usr/lib/jvm/java-8-openjdk-amd64/jre/lib/amd64/jli/libjli.so
7fc9fa391000-7fc9fa591000 ---p 0000d000 08:02 5642882                    /usr/lib/jvm/java-8-openjdk-amd64/jre/lib/amd64/jli/libjli.so
7fc9fa591000-7fc9fa592000 r--p 0000d000 08:02 5642882                    /usr/lib/jvm/java-8-openjdk-amd64/jre/lib/amd64/jli/libjli.so
7fc9fa592000-7fc9fa593000 rw-p 0000e000 08:02 5642882                    /usr/lib/jvm/java-8-openjdk-amd64/jre/lib/amd64/jli/libjli.so
7fc9fa593000-7fc9fa5b9000 r-xp 00000000 08:02 40636737                   /lib/x86_64-linux-gnu/ld-2.23.so
7fc9fa5b9000-7fc9fa5ba000 r--s 00005000 08:02 50200595                   /home/yasith/.m2/repository/org/eclipse/equinox/org.eclipse.equinox.http.helper/1.1.0.wso2v1/org.eclipse.equinox.http.helper-1.1.0.wso2v1.jar
7fc9fa5ba000-7fc9fa5bd000 r--s 0000f000 08:02 5642914                    /usr/lib/jvm/java-8-openjdk-amd64/jre/lib/ext/icedtea-sound.jar
7fc9fa5bd000-7fc9fa688000 rw-p 00000000 00:00 0 
7fc9fa688000-7fc9fa68b000 ---p 00000000 00:00 0 
7fc9fa68b000-7fc9fa78e000 rw-p 00000000 00:00 0 
7fc9fa78e000-7fc9fa790000 r--s 0000e000 08:02 50202244                   /home/yasith/.m2/repository/commons-logging/commons-logging/1.2/commons-logging-1.2.jar
7fc9fa790000-7fc9fa795000 r--s 0003b000 08:02 5642913                    /usr/lib/jvm/java-8-openjdk-amd64/jre/lib/ext/sunjce_provider.jar
7fc9fa795000-7fc9fa799000 r--s 00037000 08:02 5642916                    /usr/lib/jvm/java-8-openjdk-amd64/jre/lib/ext/sunpkcs11.jar
7fc9fa799000-7fc9fa79a000 r--s 00010000 08:02 5642912                    /usr/lib/jvm/java-8-openjdk-amd64/jre/lib/ext/zipfs.jar
7fc9fa79a000-7fc9fa7a4000 r--s 00116000 08:02 5642915                    /usr/lib/jvm/java-8-openjdk-amd64/jre/lib/ext/localedata.jar
7fc9fa7a4000-7fc9fa7a5000 r--s 00008000 08:02 5642910                    /usr/lib/jvm/java-8-openjdk-amd64/jre/lib/ext/sunec.jar
7fc9fa7a5000-7fc9fa7a6000 r--s 0000a000 08:02 5642911                    /usr/lib/jvm/java-8-openjdk-amd64/jre/lib/ext/jaccess.jar
7fc9fa7a6000-7fc9fa7a8000 r--s 00001000 08:02 5642908                    /usr/lib/jvm/java-8-openjdk-amd64/jre/lib/ext/dnsns.jar
7fc9fa7a8000-7fc9fa7b0000 rw-s 00000000 08:02 13776088                   /tmp/hsperfdata_yasith/14575
7fc9fa7b0000-7fc9fa7b1000 rw-p 00000000 00:00 0 
7fc9fa7b1000-7fc9fa7b2000 r--p 00000000 00:00 0 
7fc9fa7b2000-7fc9fa7b4000 rw-p 00000000 00:00 0 
7fc9fa7b4000-7fc9fa7b6000 r--p 00000000 00:00 0                          [vvar]
7fc9fa7b6000-7fc9fa7b8000 r-xp 00000000 00:00 0                          [vdso]
7fc9fa7b8000-7fc9fa7b9000 r--p 00025000 08:02 40636737                   /lib/x86_64-linux-gnu/ld-2.23.so
7fc9fa7b9000-7fc9fa7ba000 rw-p 00026000 08:02 40636737                   /lib/x86_64-linux-gnu/ld-2.23.so
7fc9fa7ba000-7fc9fa7bb000 rw-p 00000000 00:00 0 
7ffd6fd9d000-7ffd6fdc1000 rw-p 00000000 00:00 0                          [stack]
ffffffffff600000-ffffffffff601000 r-xp 00000000 00:00 0                  [vsyscall]

VM Arguments:
jvm_args: -agentlib:jdwp=transport=dt_socket,suspend=y,address=localhost:40346 -Dfile.encoding=UTF-8 
java_command: org.wso2.cseToolkit.Client
java_class_path (initial): /home/yasith/Mydisk/Charini/StockManipulationDetection/target/classes:/home/yasith/.m2/repository/commons-logging/commons-logging/1.2/commons-logging-1.2.jar:/home/yasith/.m2/repository/org/wso2/carbon/analytics-common/org.wso2.carbon.databridge.agent/5.0.12-SNAPSHOT/org.wso2.carbon.databridge.agent-5.0.12-SNAPSHOT.jar:/home/yasith/.m2/repository/org/eclipse/osgi/org.eclipse.osgi/3.7.0.v20110613/org.eclipse.osgi-3.7.0.v20110613.jar:/home/yasith/.m2/repository/org/eclipse/osgi/org.eclipse.osgi.services/3.3.100.v20120522-1822/org.eclipse.osgi.services-3.3.100.v20120522-1822.jar:/home/yasith/.m2/repository/org/wso2/carbon/org.wso2.carbon.core/4.4.2/org.wso2.carbon.core-4.4.2.jar:/home/yasith/.m2/repository/org/wso2/orbit/com/hazelcast/hazelcast/3.5.2.wso2v1/hazelcast-3.5.2.wso2v1.jar:/home/yasith/.m2/repository/com/hazelcast/hazelcast-all/3.5.2/hazelcast-all-3.5.2.jar:/home/yasith/.m2/repository/org/eclipse/equinox/org.eclipse.equinox.http.helper/1.1.0.wso2v1/org.eclipse.equinox.http.helper-1.1.0.wso2v1.jar:/home/yasith/.m2/repository/org/eclipse/equinox/javax.servlet/3.0.0.v201112011016/javax.servlet-3.0.0.v201112011016.jar:/home/yasith/.m2/repository/org/bouncycastle/wso2/bcprov-jdk15on/1.49.0.wso2v2/bcprov-jdk15on-1.49.0.wso2v2.jar:/home/yasith/.m2/repository/org/bouncycastle/bcprov-jdk15on/1.49/bcprov-jdk15on-1.49.jar:/home/yasith/.m2/repository/org/wso2/carbon/javax.cache.wso2/4.4.2/javax.cache.wso2-4.4.2.jar:/home/yasith/.m2/repository/org/apache/geronimo/specs/geronimo-jta_1.1_spec/1.1/geronimo-jta_1.1_spec-1.1.jar:/home/yasith/.m2/repository/org/wso2/carbon/org.wso2.carbon.base/4.4.2/org.wso2.carbon.base-4.4.2.jar:/home/yasith/.m2/repository/org/wso2/carbon/org.wso2.carbon.securevault/4.4.2/org.wso2.carbon.securevault-4.4.2.jar:/home/yasith/.m2/repository/org/wso2/carbon/org.wso2.carbon.registry.core/4.4.2/org.wso2.carbon.registry.core-4.4.2.jar:/home/yasith/.m2/repository/commons-io/wso2/commons-io/2.0.0.wso2v2/commons-io-2.0.0.wso
Launcher Type: SUN_STANDARD

Environment Variables:
JAVA_HOME=/home/yasith/Tools/jdk1.8.0_71
PATH=/usr/local/sbin:/usr/local/bin:/usr/sbin:/usr/bin:/sbin:/bin:/usr/games:/usr/local/games:/snap/bin:/home/yasith/bin:/home/yasith/Tools/jdk1.8.0_71/bin:/home/yasith/Android/Sdk/tools:/home/yasith/Android/Sdk/platform-tools:/home/yasith/Tools/apache-maven-3.0.5/bin:/home/yasith/Tools/node-v4.4.5-linux-x64/bin
SHELL=/bin/bash
DISPLAY=:0

Signal Handlers:
SIGSEGV: [libjvm.so+0xa5e970], sa_mask[0]=11111111011111111101111111111110, sa_flags=SA_RESTART|SA_SIGINFO
SIGBUS: [libjvm.so+0xa5e970], sa_mask[0]=11111111011111111101111111111110, sa_flags=SA_RESTART|SA_SIGINFO
SIGFPE: [libjvm.so+0x8a9ff0], sa_mask[0]=11111111011111111101111111111110, sa_flags=SA_RESTART|SA_SIGINFO
SIGPIPE: [libjvm.so+0x8a9ff0], sa_mask[0]=11111111011111111101111111111110, sa_flags=SA_RESTART|SA_SIGINFO
SIGXFSZ: [libjvm.so+0x8a9ff0], sa_mask[0]=11111111011111111101111111111110, sa_flags=SA_RESTART|SA_SIGINFO
SIGILL: [libjvm.so+0x8a9ff0], sa_mask[0]=11111111011111111101111111111110, sa_flags=SA_RESTART|SA_SIGINFO
SIGUSR1: SIG_DFL, sa_mask[0]=00000000000000000000000000000000, sa_flags=none
SIGUSR2: [libjvm.so+0x8a9ea0], sa_mask[0]=00100000000000000000000000000000, sa_flags=SA_RESTART|SA_SIGINFO
SIGHUP: [libjvm.so+0x8aa370], sa_mask[0]=11111111011111111101111111111110, sa_flags=SA_RESTART|SA_SIGINFO
SIGINT: [libjvm.so+0x8aa370], sa_mask[0]=11111111011111111101111111111110, sa_flags=SA_RESTART|SA_SIGINFO
SIGTERM: [libjvm.so+0x8aa370], sa_mask[0]=11111111011111111101111111111110, sa_flags=SA_RESTART|SA_SIGINFO
SIGQUIT: [libjvm.so+0x8aa370], sa_mask[0]=11111111011111111101111111111110, sa_flags=SA_RESTART|SA_SIGINFO


---------------  S Y S T E M  ---------------

OS:DISTRIB_ID=Ubuntu
DISTRIB_RELEASE=16.04
DISTRIB_CODENAME=xenial
DISTRIB_DESCRIPTION="Ubuntu 16.04 LTS"

uname:Linux 4.4.0-31-generic #50-Ubuntu SMP Wed Jul 13 00:07:12 UTC 2016 x86_64
libc:glibc 2.23 NPTL 2.23 
rlimit: STACK 8192k, CORE 0k, NPROC 31082, NOFILE 65536, AS infinity
load average:0.90 0.70 0.49

/proc/meminfo:
MemTotal:        8072668 kB
MemFree:          133244 kB
MemAvailable:    1214656 kB
Buffers:          196996 kB
Cached:          1720844 kB
SwapCached:         3432 kB
Active:          5621540 kB
Inactive:        1844008 kB
Active(anon):    5100396 kB
Inactive(anon):  1224192 kB
Active(file):     521144 kB
Inactive(file):   619816 kB
Unevictable:         912 kB
Mlocked:             912 kB
SwapTotal:       8285180 kB
SwapFree:        8136312 kB
Dirty:             11284 kB
Writeback:             0 kB
AnonPages:       5547216 kB
Mapped:           865588 kB
Shmem:            776812 kB
Slab:             300132 kB
SReclaimable:     248380 kB
SUnreclaim:        51752 kB
KernelStack:       16176 kB
PageTables:        75536 kB
NFS_Unstable:          0 kB
Bounce:                0 kB
WritebackTmp:          0 kB
CommitLimit:    12321512 kB
Committed_AS:   15005100 kB
VmallocTotal:   34359738367 kB
VmallocUsed:           0 kB
VmallocChunk:          0 kB
HardwareCorrupted:     0 kB
AnonHugePages:   2228224 kB
CmaTotal:              0 kB
CmaFree:               0 kB
HugePages_Total:       0
HugePages_Free:        0
HugePages_Rsvd:        0
HugePages_Surp:        0
Hugepagesize:       2048 kB
DirectMap4k:      282472 kB
DirectMap2M:     6955008 kB
DirectMap1G:     2097152 kB


CPU:total 4 (2 cores per cpu, 2 threads per core) family 6 model 61 stepping 4, cmov, cx8, fxsr, mmx, sse, sse2, sse3, ssse3, sse4.1, sse4.2, popcnt, avx, avx2, aes, clmul, erms, 3dnowpref, lzcnt, ht, tsc, tscinvbit, bmi1, bmi2, adx

/proc/cpuinfo:
processor	: 0
vendor_id	: GenuineIntel
cpu family	: 6
model		: 61
model name	: Intel(R) Core(TM) i5-5200U CPU @ 2.20GHz
stepping	: 4
microcode	: 0x1f
cpu MHz		: 2554.750
cache size	: 3072 KB
physical id	: 0
siblings	: 4
core id		: 0
cpu cores	: 2
apicid		: 0
initial apicid	: 0
fpu		: yes
fpu_exception	: yes
cpuid level	: 20
wp		: yes
flags		: fpu vme de pse tsc msr pae mce cx8 apic sep mtrr pge mca cmov pat pse36 clflush dts acpi mmx fxsr sse sse2 ss ht tm pbe syscall nx pdpe1gb rdtscp lm constant_tsc arch_perfmon pebs bts rep_good nopl xtopology nonstop_tsc aperfmperf eagerfpu pni pclmulqdq dtes64 monitor ds_cpl vmx est tm2 ssse3 sdbg fma cx16 xtpr pdcm pcid sse4_1 sse4_2 x2apic movbe popcnt tsc_deadline_timer aes xsave avx f16c rdrand lahf_lm abm 3dnowprefetch epb intel_pt tpr_shadow vnmi flexpriority ept vpid fsgsbase tsc_adjust bmi1 avx2 smep bmi2 erms invpcid rdseed adx smap xsaveopt dtherm ida arat pln pts
bugs		:
bogomips	: 4393.61
clflush size	: 64
cache_alignment	: 64
address sizes	: 39 bits physical, 48 bits virtual
power management:

processor	: 1
vendor_id	: GenuineIntel
cpu family	: 6
model		: 61
model name	: Intel(R) Core(TM) i5-5200U CPU @ 2.20GHz
stepping	: 4
microcode	: 0x1f
cpu MHz		: 2281.812
cache size	: 3072 KB
physical id	: 0
siblings	: 4
core id		: 1
cpu cores	: 2
apicid		: 2
initial apicid	: 2
fpu		: yes
fpu_exception	: yes
cpuid level	: 20
wp		: yes
flags		: fpu vme de pse tsc msr pae mce cx8 apic sep mtrr pge mca cmov pat pse36 clflush dts acpi mmx fxsr sse sse2 ss ht tm pbe syscall nx pdpe1gb rdtscp lm constant_tsc arch_perfmon pebs bts rep_good nopl xtopology nonstop_tsc aperfmperf eagerfpu pni pclmulqdq dtes64 monitor ds_cpl vmx est tm2 ssse3 sdbg fma cx16 xtpr pdcm pcid sse4_1 sse4_2 x2apic movbe popcnt tsc_deadline_timer aes xsave avx f16c rdrand lahf_lm abm 3dnowprefetch epb intel_pt tpr_shadow vnmi flexpriority ept vpid fsgsbase tsc_adjust bmi1 avx2 smep bmi2 erms invpcid rdseed adx smap xsaveopt dtherm ida arat pln pts
bugs		:
bogomips	: 4393.61
clflush size	: 64
cache_alignment	: 64
address sizes	: 39 bits physical, 48 bits virtual
power management:

processor	: 2
vendor_id	: GenuineIntel
cpu family	: 6
model		: 61
model name	: Intel(R) Core(TM) i5-5200U CPU @ 2.20GHz
stepping	: 4
microcode	: 0x1f
cpu MHz		: 2443.546
cache size	: 3072 KB
physical id	: 0
siblings	: 4
core id		: 0
cpu cores	: 2
apicid		: 1
initial apicid	: 1
fpu		: yes
fpu_exception	: yes
cpuid level	: 20
wp		: yes
flags		: fpu vme de pse tsc msr pae mce cx8 apic sep mtrr pge mca cmov pat pse36 clflush dts acpi mmx fxsr sse sse2 ss ht tm pbe syscall nx pdpe1gb rdtscp lm constant_tsc arch_perfmon pebs bts rep_good nopl xtopology nonstop_tsc aperfmperf eagerfpu pni pclmulqdq dtes64 monitor ds_cpl vmx est tm2 ssse3 sdbg fma cx16 xtpr pdcm pcid sse4_1 sse4_2 x2apic movbe popcnt tsc_deadline_timer aes xsave avx f16c rdrand lahf_lm abm 3dnowprefetch epb intel_pt tpr_shadow vnmi flexpriority ept vpid fsgsbase tsc_adjust bmi1 avx2 smep bmi2 erms invpcid rdseed adx smap xsaveopt dtherm ida arat pln pts
bugs		:
bogomips	: 4393.61
clflush size	: 64
cache_alignment	: 64
address sizes	: 39 bits physical, 48 bits virtual
power management:

processor	: 3
vendor_id	: GenuineIntel
cpu family	: 6
model		: 61
model name	: Intel(R) Core(TM) i5-5200U CPU @ 2.20GHz
stepping	: 4
microcode	: 0x1f
cpu MHz		: 2257.492
cache size	: 3072 KB
physical id	: 0
siblings	: 4
core id		: 1
cpu cores	: 2
apicid		: 3
initial apicid	: 3
fpu		: yes
fpu_exception	: yes
cpuid level	: 20
wp		: yes
flags		: fpu vme de pse tsc msr pae mce cx8 apic sep mtrr pge mca cmov pat pse36 clflush dts acpi mmx fxsr sse sse2 ss ht tm pbe syscall nx pdpe1gb rdtscp lm constant_tsc arch_perfmon pebs bts rep_good nopl xtopology nonstop_tsc aperfmperf eagerfpu pni pclmulqdq dtes64 monitor ds_cpl vmx est tm2 ssse3 sdbg fma cx16 xtpr pdcm pcid sse4_1 sse4_2 x2apic movbe popcnt tsc_deadline_timer aes xsave avx f16c rdrand lahf_lm abm 3dnowprefetch epb intel_pt tpr_shadow vnmi flexpriority ept vpid fsgsbase tsc_adjust bmi1 avx2 smep bmi2 erms invpcid rdseed adx smap xsaveopt dtherm ida arat pln pts
bugs		:
bogomips	: 4393.61
clflush size	: 64
cache_alignment	: 64
address sizes	: 39 bits physical, 48 bits virtual
power management:



Memory: 4k page, physical 8072668k(133244k free), swap 8285180k(8136312k free)

vm_info: OpenJDK 64-Bit Server VM (25.91-b14) for linux-amd64 JRE (1.8.0_91-8u91-b14-3ubuntu1~16.04.1-b14), built on Jul 21 2016 04:13:34 by "buildd" with gcc 5.3.1 20160413

time: Tue Aug  2 20:57:15 2016
elapsed time: 27335 seconds (0d 7h 35m 35s)

